     0.00000000
     0.00489666
     0.00838726
     0.00716788
     0.00086047
     0.01546556
     0.03354146
     0.04943559
     0.05621522
     0.04767160
     0.02060034
     0.02327674
     0.07640922
     0.12604008
     0.15653102
     0.15312838
     0.10644705
     0.01659038
     0.10432056
     0.23228319
     0.33482034
     0.37753161
     0.33280271
     0.18889025
     0.04291370
     0.32537274
     0.59843720
     0.78906704
     0.82683813
     0.66273053
     0.28706819
     0.25816901
     0.87715954
     1.43120185
     1.76325544
     1.73317763
     1.25738329
     0.34402048
     0.88628718
     2.20288762
     3.29582212
     3.83407151
     3.54350342
     2.28984714
     0.14715533
     2.56897374
     5.32044405
     7.42615471
     8.19703037
     7.10659222
     3.96323931
     0.95840549
     6.87008812
    12.53917058
    16.48623963
    17.29363172
    13.97538251
     6.33144617
     4.80625477
    17.52439583
    29.03680423
    36.16321786
    36.02600642
    26.84512147
     8.65712327
    16.24035980
    43.29836066
    66.29146233
    78.45529585
    74.04286242
    50.01531304
     7.47818178
    47.55949587
   104.46209245
   149.46997666
   168.35847202
   149.87752666
    89.30741245
     8.72934850
   129.08861149
   247.26063545
   333.15625395
   357.23415150
   298.02274129
   149.50492654
    73.51458487
   333.90546052
   575.91313549
   734.44131891
   748.99028550
   579.93041131
   223.62651203
   277.65525471
   834.83888442
  1322.60507236
  1601.65993638
  1550.06434719
  1098.05680696
   258.53768860
   855.49075111
  2034.14955573
  2998.93343183
  3455.18004336
  3161.69575593
  2004.42064926
    56.72650153
  2392.06840345
  4855.04210014
  6719.99812745
  7371.19546559
  6342.39706264
  3470.80461085
   986.38244175
  6311.26727701
 11389.55525170
 14890.02758298
 15543.11441526
 12473.69899243
  5518.50979692
  4555.10030789
 16008.33595533
 26322.79701822
 32635.17686318
 32366.86182456
 23939.75747101
  7420.94189221
 15082.81052929
 39441.79822286
 60030.08545636
 70757.92714782
 66478.25234756
 44509.10029848
  5920.38825532
 43795.59797223
 94991.68279391
135238.87169871
151738.14465154
134427.70443440
 79182.73165320
  9669.16567480
118316.74677365
224547.03952078
301198.15009996
321712.50567491
266927.32775751
131714.02562336
 70231.10861798
305104.75176168
522420.62196491
663460.30912749
673894.84518476
518464.30675838
194560.05756127
258960.27020140
761120.61617245
1198540.89941852
1445681.03327271
1393185.94561058
979270.60083833
217058.76844542
789970.71750292
1851264.90021715
2715066.40837927
3116051.69529885
2838270.38199022
1781476.14432138
 15114.30834846
2196616.56809518
4412126.02652525
6078481.34714024
6641805.16361159
5685508.64345542
3068760.83018519
969364.14798741
5774679.33858340
10337653.49670416
13456957.82323815
13991848.77644370
11162500.27226832
4835189.57037636
4282746.20433980
14609479.37639389
23865526.00093216
29469202.78289250
29106498.06371946
21376492.64572250
6369862.70725361
13980890.39751721
35924109.18310931
54372105.37148530
63839074.26387286
59713016.81085539
39627190.78763374
4613110.55679715
40307767.37531414
86381922.94938713
122379136.68011378
136780869.67157760
120587818.48916775
70199549.88403055
10335673.34803600
108420784.05441667
203921976.42495432
272317972.78062791
289733475.02668554
239069484.07291827
115972124.35766402
66892606.37960400
278750368.20811439
473884978.44114506
599331996.61930501
606307770.18276918
463450544.58650953
169016376.44037110
241280427.85484493
693831326.26026797
1086062117.69973016
1304835077.57006216
1252092508.01058054
873141169.05407858
181166703.09190664
729093055.13458967
1684644489.13245034
2457922659.34302855
2810039707.26572609
2547676090.34793425
1582802546.61017132
18990019.71605460
2016483222.69388008
4009228920.73955774
5497853813.10720634
5984171475.28509998
5096025684.18220997
2711837024.25591993
946358056.71566701
5282512393.74866390
9382077216.59848595
12161013941.00623894
12594431361.26002502
9987595296.25952530
4232151390.94357967
4020191338.43529272
13330571915.54618835
21635904658.04342270
26608594421.64948273
26172308020.74141312
19083873014.41984940
5452361002.91423321
12950119262.19293404
32715689778.02397919
49243730478.30198669
57592848734.07023621
53631034370.26120758
35271007822.93524170
3503222683.04684353
37082314412.57093048
78543657178.94552612
110734421342.17321777
123289271210.66210938
108160515743.60762024
62209442473.88989258
10781759731.72565842
99325322555.80880737
185173445446.95605469
246190237699.14807129
260913668589.60034180
214089540055.26721191
102036994373.53765869
63537936322.00395966
254622115610.92526245
429821810819.34204102
541365977125.02606201
545454690725.87554932
414201910045.47167969
146585456683.60345459
224581474189.62786865
632394769233.75598145
984062695730.47521973
1177631929918.75561523
1125185490174.41967773
778331067950.39941406
150180273182.77893066
672553288572.43701172
1532831918623.34521484
2224972226531.14355469
2533904554783.10791016
2286593826402.29003906
1405806959325.69946289
46628364351.45852661
1850515427860.03808594
3642745400280.75195312
4972346515736.45703125
5391261281121.97851562
4567089417573.39062500
2395102233744.31152344
918657304478.11108398
4831192401136.60937500
8514063171675.58105469
10989135841930.40234375
11335692719266.33398438
8934965636119.66992188
3700315373156.42675781
3768076298836.73437500
12161546814119.00000000
19612998254692.08593750
24024062991735.42578125
23531878165105.74609375
17033677590542.21875000
4652507474702.25390625
11987082038773.26562500
29789798420924.35546875
44595744293382.12500000
51954240560608.81250000
48163800754489.97656250
31384800808218.92968750
2564850673325.39208984
34101299663622.87500000
71408662668902.50000000
100190700758276.40625000
111120573180424.68750000
97002770413003.85937500
55104824350476.86718750
11043814315301.08984375
90968659068698.25000000
168132550243270.12500000
222554276650667.50000000
234942865497247.31250000
191692885181160.21875000
89707188490761.32812500
60201729494927.61718750
232537444603306.93750000
389822727337954.37500000
488973648921775.06250000
490668888671107.12500000
370120716189995.43750000
126905321541106.95312500
208840252155280.40625000
576312156236944.50000000
891573997279788.37500000
1062757799263396.25000000
1011048101927057.00000000
693648954774868.62500000
123487782140916.07812500
620085629186753.75000000
1394530986049652.50000000
2013954935615863.00000000
2284746138669660.00000000
2052048607819491.50000000
1248164542301908.00000000
68731675170548.45312500
1697669028218482.00000000
3309423462473778.00000000
4496760639674454.00000000
4856741951256685.00000000
4092533102920302.50000000
2114138766769748.75000000
887388845110881.25000000
4417451148683948.00000000
7725666240979294.00000000
9929518546103654.00000000
10201954290983190.00000000
7992010399336812.00000000
3231577934944636.00000000
3526857129281744.00000000
11093186677244282.00000000
17777801942886384.00000000
21689120539217416.00000000
21155988649826852.00000000
15200576625631932.00000000
3956167438980298.00000000
11088385904079318.00000000
27121981106884008.00000000
40383479833668872.00000000
46864483283732728.00000000
43249616775379368.00000000
27918629446092824.00000000
1775237922961436.00000000
31347810961693156.00000000
64914669327088112.00000000
90644574952059776.00000000
100145813245259408.00000000
86985907800444096.00000000
48789549044313928.00000000
11153286661927280.00000000
83293509629246960.00000000
152645410931084832.00000000
201173934825610944.00000000
211541105987365856.00000000
171614793442718016.00000000
78803204401228704.00000000
56912083000940112.00000000
212328171503416128.00000000
353516239255657088.00000000
441622264132044032.00000000
441349229194516672.00000000
330670628223978304.00000000
109654719954810720.00000000
194028845370351456.00000000
525126090684216320.00000000
807716124655493248.00000000
959024635955716096.00000000
908404116092065664.00000000
618027437239486208.00000000
100549729363890304.00000000
571434837821577088.00000000
1268556837348017152.00000000
1822820127419062784.00000000
2059944208153104128.00000000
1841363257032379904.00000000
1107796253873379328.00000000
86111563543716352.00000000
1556968444429156864.00000000
3006297434428668416.00000000
4066384313320890368.00000000
4374896833605945344.00000000
3666813275560777216.00000000
1865005509114122752.00000000
853505576222726144.00000000
4038268038838106112.00000000
7009654107397804032.00000000
8971473166247974912.00000000
9180878698248694784.00000000
7147415938687420416.00000000
2818733504563972608.00000000
3296802914231330304.00000000
10117022709167626240.00000000
16113041775546089472.00000000
19579805164632645632.00000000
19018308109832679424.00000000
13561859763874551808.00000000
3350834390458253312.00000000
10250655923926683648.00000000
24689854835926183936.00000000
36566389766944014336.00000000
42270460988980297728.00000000
38832934769280573440.00000000
24827793302335774720.00000000
1114418143070830592.00000000
28805905341778059264.00000000
59004833362394660864.00000000
82002285047566745600.00000000
90248528392140161024.00000000
77994200474821885952.00000000
43177740459468570624.00000000
11137269674590216192.00000000
76246714923516149760.00000000
138571842753794523136.00000000
181835291853193871360.00000000
190455780264144568320.00000000
153617445711796797440.00000000
69165166093412876288.00000000
53691474952920252416.00000000
193839407522606612480.00000000
320564471354062929920.00000000
398829683304867561472.00000000
396953777417156427776.00000000
295370450703228403712.00000000
94548679635011272704.00000000
180115704109012975616.00000000
478417257761790099456.00000000
731689885387313905664.00000000
865358198572390285312.00000000
816104040410638057472.00000000
550510332605788323840.00000000
80890614698278977536.00000000
526356686360677384192.00000000
1153826641094203408384.00000000
1649707424237560004608.00000000
1857131547107365748736.00000000
1652128813917781622784.00000000
982843193951355928576.00000000
99474629494515302400.00000000
1427503251428225318912.00000000
2730663215988306608128.00000000
3676947367691331567616.00000000
3940565715397279481856.00000000
3284947221180394766336.00000000
1644187298114189918208.00000000
817809430247113490432.00000000
3690852983136964313088.00000000
6359444178465036697600.00000000
8105322128008868265984.00000000
8261339032936440135680.00000000
6391025405861795201024.00000000
2455377020553039708160.00000000
3078027716221164584960.00000000
9225276708133629067264.00000000
14603018770990801879040.00000000
17674441656814568210432.00000000
17095109849890632499200.00000000
12097167628763054211072.00000000
2825447945162817798144.00000000
9470563645628182691840.00000000
22472937222709889204224.00000000
33107669888384546897920.00000000
38124168248381734387712.00000000
34863749136282783055872.00000000
22072287962088396029952.00000000
564889503823317434368.00000000
26460580944963862265856.00000000
53627273769706865033216.00000000
74178821358208906428416.00000000
81323550504284235759616.00000000
69923574310807325900800.00000000
38192710491259361296384.00000000
11019046905990434783232.00000000
69778981926055075381248.00000000
125784155219622103089152.00000000
164344583031675368243200.00000000
171458972038823090847744.00000000
137487215288051988168704.00000000
60650715527575112777728.00000000
50557588054914784821248.00000000
176928570519298448031744.00000000
290660155969953415036928.00000000
360159598790783744868352.00000000
356994002619125737717760.00000000
263788506749771794350080.00000000
81334510225636366221312.00000000
167066612985942010494976.00000000
435801363753929445212160.00000000
662769461275431444414464.00000000
780787217858451015204864.00000000
733112609122612724891648.00000000
490241195922161647222784.00000000
64091630441057354776576.00000000
484618234020587399806976.00000000
1049351006092496476307456.00000000
1492929219659258618970112.00000000
1674169681702896508338176.00000000
1482177838831719742963712.00000000
871643575534818917613568.00000000
109435147470011843477504.00000000
1308424764358547233308672.00000000
2480055594379579662270464.00000000
3324580233310975551340544.00000000
3549090973647476256407552.00000000
2942456655656233073639424.00000000
1448549594253120558333952.00000000
780971631064050359599104.00000000
3372630254944501148680192.00000000
5769045971058939616296960.00000000
7322304123437252930961408.00000000
7433300783050830536245248.00000000
5713721411805095177224192.00000000
2135816844796652184141824.00000000
2870518075163064603246592.00000000
8410807206321944973541376.00000000
13233466818690059461459968.00000000
15953424629477687169122304.00000000
15365015735592798937677824.00000000
10788250684338489450823680.00000000
2370231699185979692679168.00000000
8744849957051153501913088.00000000
20452489538084779740626944.00000000
29973916629855616798556160.00000000
34382221337105261068812288.00000000
31297046886890998991945728.00000000
19616317102400417352908800.00000000
111325596187090260852736.00000000
24297745185626341169430528.00000000
48734647366486541943701504.00000000
67097113250940158499356672.00000000
73275917293772139569086464.00000000
62680443023869078866493440.00000000
33765989430522983271628800.00000000
10818574918790382039859200.00000000
63844636625734504980414464.00000000
114166054602981018452361216.00000000
148526313423793905679204352.00000000
154345058593861538292957184.00000000
123032225407980685896974336.00000000
53133127573634444632784896.00000000
47524026612706980990550016.00000000
161464462692457004887179264.00000000
263523892119030270651269120.00000000
325217205872489259423760384.00000000
321029546596190680533434368.00000000
235537585851769821146906624.00000000
69788238458301274447151104.00000000
154845505398109727539331072.00000000
396926308869096091087273984.00000000
600295735990554962620841984.00000000
704433585894739742663114752.00000000
658497501801285850769653760.00000000
436453021234146954490937344.00000000
49784165216686595519807488.00000000
445997946109310502074056704.00000000
954226098739479162648526848.00000000
1350954764842320300783697920.00000000
1509126906260291613896998912.00000000
1329560356467682714375421952.00000000
772712080110000842660118528.00000000
116526285364601638929563648.00000000
1198942670866704399903752192.00000000
2252227485027656888584503296.00000000
3005776631471932968051671040.00000000
3196268906659295100250619904.00000000
2635317023978673578119790592.00000000
1275297914633228280926306304.00000000
743550450706885548236079104.00000000
3081223294705306378910564352.00000000
5233008526027005341489692672.00000000
6614487933672378259096993792.00000000
6687715209810999291576057856.00000000
5107320502531525759280873472.00000000
1854996992799302129213767680.00000000
2674156642565802940673556480.00000000
7667059526130733542864322560.00000000
11991423249054213409886699520.00000000
14399022090445009891192995840.00000000
13808765119572253020027617280.00000000
9618752626088242026796548096.00000000
1976548852711168878070202368.00000000
8070343077187966976378535936.00000000
18611372220264892851321569280.00000000
27134815594044828631437410304.00000000
31005415912758540099211231232.00000000
28092312332961045508637327360.00000000
17427854774973912594725732352.00000000
259680866253481696345194496.00000000
22304180201224351387318484992.00000000
44283759319631853402984546304.00000000
60687293387733271969867497472.00000000
66019887625926727186004312064.00000000
56180658517186860011627741184.00000000
29836457501965311040750092288.00000000
10552908142552957331081003008.00000000
58401388162562550164564738048.00000000
103611641146933895968696827904.00000000
134221547090664613027780755456.00000000
138928542747661847298597453824.00000000
110080151631992928312468963328.00000000
46499624829408547501691109376.00000000
44600939881174069785250496512.00000000
147326410799108821748591624192.00000000
238901646746750093649015472128.00000000
293645279994614142520105369600.00000000
288663501555790650386755354624.00000000
210270403118313605031192952832.00000000
59711429291888905875034734592.00000000
143415145314114212131107766272.00000000
361469577243089547809915928576.00000000
543670222843536304067668082688.00000000
635503474133210708557313343488.00000000
591419169712000966661297405952.00000000
388458996757488547625953132544.00000000
37644031374975939701842640896.00000000
410285683196908805128756133888.00000000
867626405612537587661373702144.00000000
1222395707228939010582127837184.00000000
1360258407442206177325026902016.00000000
1192522180848238450684905652224.00000000
684721352393719109344783499264.00000000
121210021272859879850937155584.00000000
1098321733037868646382853685248.00000000
2045130939484662513320780103680.00000000
2717359712671988937188016390144.00000000
2878305750988149732725057650688.00000000
2359911861136313434702583169024.00000000
1121941533537439703498844274688.00000000
706006759345512316011796234240.00000000
2814440435612823909553426923520.00000000
4746372422043757635198341087232.00000000
5974694299571484820504945098752.00000000
6016423071588273300699405615104.00000000
4564478268712190012817676435456.00000000
1608427697939037836811142430720.00000000
2488742440012161138712368906240.00000000
6988019502448119291963689140224.00000000
10865110954881036879061940436992.00000000
12995197531701925206119222870016.00000000
12409006369802553750461066772480.00000000
8574015824977700993273104957440.00000000
1636773687702208672569969606656.00000000
7443972405817710022351348826112.00000000
16933911921263181448365113081856.00000000
24562858335254222272566296313856.00000000
27958326768929468860576108118016.00000000
25213080618791159880444345843712.00000000
15478252776420482559268649697280.00000000
559845220647985857918039752704.00000000
20467506411821576040821798469632.00000000
40235206297833170885145954091008.00000000
54886029580889370593364753252352.00000000
59478051289487270824897622835200.00000000
50348565602862830659889117790208.00000000
26349567093866570536856393351168.00000000
10236572815845394999348796850176.00000000
53410104499024003169768085389312.00000000
94024492978241255834950733660160.00000000
121286355332702523470290056380416.00000000
125042094442603468139692440944640.00000000
98476244719328763927123801931776.00000000
40649871385403197183231680053248.00000000
41795563128354569549640647049216.00000000
134403465488463131074721266794496.00000000
216562477066483059219590979518464.00000000
265120622272387200092180748173312.00000000
259538148211670585167072026689536.00000000
187675518582857152204519608680448.00000000
50928351901126063942999929257984.00000000
132737694426319303362450397593600.00000000
329135828729046159632052942536704.00000000
492349539425193244104238416527360.00000000
573279292939078788668410654883840.00000000
531121661596665986177726270144512.00000000
345644207019483486519939221684224.00000000
27386337043134508332119115169792.00000000
377282584688085341485685796765696.00000000
788798090680088899451313780162560.00000000
1105992950500071049987926276440064.00000000
1225988287650031047719304365604864.00000000
1069485387174973138838512809803776.00000000
606485414787407468027895162601472.00000000
123885904393901595578741743943680.00000000
1005878577272062436120359893729280.00000000
1856899774051748003868082173902848.00000000
2456451326513417890528120442716160.00000000
2591777935462150776221138168053760.00000000
2112991712782529045166937706856448.00000000
986261006237369475942264627789824.00000000
668717628503422354574142877990912.00000000
2570261514803556698191304616574976.00000000
4304625993977835453164930635661312.00000000
5396425094451224673302760310964224.00000000
5412067696430155174264545403207680.00000000
4078604024796279218670264265998336.00000000
1392123429054864181279470626275328.00000000
2314008172885620516663701004091392.00000000
6368170632089821548157116442738688.00000000
9843831048072618026945358933786624.00000000
11727448806032957389312065403879424.00000000
11150108801975142821403184443949056.00000000
7640906596409088329705534829625344.00000000
1344177190349248132657089104314368.00000000
6862778864812864146817740328402944.00000000
15405779217562288171226465885487104.00000000
22233084854108495294239627905335296.00000000
25208945686264129797985421150388224.00000000
22626535304892639325249802812260352.00000000
13741888501955117555939333793382400.00000000
799392127205565197605090535407616.00000000
18776144881855024457830586795425792.00000000
36553049604703090689272553511321600.00000000
49635918107087403688560635045478400.00000000
53580524208295939403844559774416896.00000000
45116150782732621891145316528291840.00000000
23256646305095324139170951765950464.00000000
9881895868225129085589742128463872.00000000
48834599617819420262672201605447680.00000000
85316829400357428015435720943468544.00000000
109590409278440580702531189880127488.00000000
112534781806434367162395691726143488.00000000
88081552014818003834941377674739712.00000000
35494626771593039493516103837024256.00000000
39112686475336425806644514419376128.00000000
122593656415164141756812121780256768.00000000
196296454736157751255318600536293376.00000000
239350838953360320702936030419877888.00000000
233331109486523470783467883878940672.00000000
167473670281346522241521656023482368.00000000
43283453704538724450452530907840512.00000000
122775180442605722347741081923223552.00000000
299654678015884813365059680062144512.00000000
445840380478512487630501063002423296.00000000
517112413437168977001421599636717568.00000000
476924351276197289124484649391751168.00000000
307458185755933356997192299237605376.00000000
18760932416620102588778786735521792.00000000
346800867361676454175444653156859904.00000000
717052900244128082703722974007001088.00000000
1000604716286160597688140131567927296.00000000
1104893307267161128890114693046206464.00000000
959030719176621399989589779375194112.00000000
536944804269291462653512487280836608.00000000
124898790432193861573450397076422656.00000000
920978586201001940783326960996581376.00000000
1685833684361761517706352778228531200.00000000
2220444135972270572540058707792232448.00000000
2333596166492339174160200147960594432.00000000
1891637163019340058858350616342691840.00000000
866279117923256150016451047734640640.00000000
631988217927662773540036174959083520.00000000
2346825333259395660813659864748261376.00000000
3903665394109212338193440446930223104.00000000
4873799121644180543091663831954358272.00000000
4868016500651845663441527105245937664.00000000
3643784099248465205296616651519688704.00000000
1202547572682123774013182190511194112.00000000
2149634978696334401316264202406461440.00000000
5802454423245323741509935027466534912.00000000
8917865123120229555161516096763199488.00000000
10582662217183803843139803050487578624.00000000
10017993030467320152031900621315506176.00000000
6807658289454884909843237070815887360.00000000
1092825290825620219942408723693043712.00000000
6323922280167365697419228891133771776.00000000
14013876173866755784322753148825370624.00000000
20122849497524304151723565004380700672.00000000
22728353777715165934226930007552294912.00000000
20303145683524949317616162324806107136.00000000
12195849144905938856265420705349238784.00000000
987233814594307753897740777897852928.00000000
17219279060321037897535636720070950912.00000000
33204515852399191692994907826475237376.00000000
44884932879397082472295407600627875840.00000000
48264220943295175328347180418161704960.00000000
40422275787343999927508342770361171968.00000000
20514275395569025972216227148374999040.00000000
9499293943041949145544594883612770304.00000000
44641432130545180166063663343988637696.00000000
77408746832287931574042117746634784768.00000000
99015703501394385579321414878461165568.00000000
101270473462428851968723699703983636480.00000000
78771317548114721963295630809890816000.00000000
30954543268193369520953671250511659008.00000000
36555060398756663412212196011340201984.00000000
111803299882755034003249998216174764032.00000000
177912774267064255269517441461932523520.00000000
216071423680684727479705350892937019392.00000000
209751879527539098093582037001296674816.00000000
149414479454222305726998316865002930176.00000000
36639109499020729392286121739094589440.00000000
113489880319736442263641584081645338624.00000000
272778647513248800990007303206804127744.00000000
403694944626827034983363177702615941120.00000000
466416579862093087618683157875307577344.00000000
428214478940652343729230480665183518720.00000000
273408233053688309045641082507651710976.00000000
11548367431561188429744064183824023552.00000000
318663556453988056671228053463368728576.00000000
651762572197427570545437289938646204416.00000000
905195698827370155254436204701695344640.00000000
995688182407955790658678002544340369408.00000000
859881741281698736133583297382914719744.00000000
475153254553452696164887228628242268160.00000000
124545667495217990058272801514997153792.00000000
843032903182251869212120570293877997568.00000000
1530383721995481137514604549822524424192.00000000
2006976315013147400735126523820539641856.00000000
2100972977531943530692724812191570591744.00000000
1693225561297452659350814017778819792896.00000000
760234900679975905335722020318176346112.00000000
596062150261863862401346029758525210624.00000000
2142417926373697568693412721957609144320.00000000
3539758164920065573837665947417193742336.00000000
4401493921873009337924293444216022892544.00000000
4378290137595936406320049550503259930624.00000000
3254712872850611140234732295736491245568.00000000
1036563073706301016990765394200673386496.00000000
1995264943650661891311884581269267283968.00000000
5286233729434200582767271986689640235008.00000000
8078386279305072516911004906249198239744.00000000
9548980396817394909825829636450933538816.00000000
8999977944503449173512903140090369277952.00000000
6063730392985152896354789812673309573120.00000000
877488355340994930281360507548244901888.00000000
5824686280549450655417856443430559809536.00000000
12746233005275145880381778232268306776064.00000000
18211608159863476930333961391961945407488.00000000
20490425063133022114653609800903094697984.00000000
18216339926436696857463948247224582930432.00000000
10819648523957116071610884243320297488384.00000000
1131127860131639533071076629704721039360.00000000
15786816375209676271275942889160869675008.00000000
30159722925254798592741216436331432902656.00000000
40585925381497500637461684646582604005376.00000000
43472197106426503033996848747750916882432.00000000
36211987485981130271166591687273578758144.00000000
18083728588929129331985483210600162000896.00000000
9097527179618155383913092802520824152064.00000000
40799715095397724850659678847550200217600.00000000
70227521216272759098205450535836894363648.00000000
89455398563298358506308843668348514336768.00000000
91126395606255768139860874166900910718976.00000000
70433543008388583311132415289849479692288.00000000
26959091508957456447438737871072820985856.00000000
34123745742570828333296239516457954705408.00000000
101946355871338468763410164069352712699904.00000000
161238029564463412990532405274795554373632.00000000
195043114289753725519692270087350121398272.00000000
188538691623928175129812476664172402180096.00000000
133273490385664203031416172636190550261760.00000000
30873616241418177479160192525132200148992.00000000
104844630499243898830949830744973787529216.00000000
248281281300260509839443345229329427595264.00000000
365506774476466146140199402027441620779008.00000000
420661947327606693666720850186355047661568.00000000
384440426559630646629753106336207683452928.00000000
243053418959752926176105149939471557328896.00000000
5556304719967524722205803124616715042816.00000000
292704164259756088932906717341039221276672.00000000
592353709419471632125603473173016324603904.00000000
818827213514248124070853878918633429663744.00000000
897212290254156591927824733366595681779712.00000000
770890563615503106138334573421166757675008.00000000
420265764413310433681262002465955322527744.00000000
123081675692758092681646667180814983233536.00000000
771495556902154246807683951278140914925568.00000000
1389139019188360800392057113243995919613952.00000000
1813908592249029024388266653399117239156736.00000000
1891393410512606738801452093898170854014976.00000000
1515401080713927197117570871047445159084032.00000000
666560398287095815990821714049642388258816.00000000
561130554318217364415320160710021672337408.00000000
1955461606495304421447915008645829148803072.00000000
3209510020092837098691053588735997616586752.00000000
3974693032066544134799728148682311884341248.00000000
3937498539017041741493134400772092385558528.00000000
2906630787950902695516588973001157466128384.00000000
891388402130503368909264855709733812699136.00000000
1850511680677621941062216326177047932043264.00000000
4815258864018372938518508811318728767569920.00000000
7317378127189718605451752125588681982476288.00000000
8615682674356471501982882969046556092661760.00000000
8084642689725793818696046317072053532884992.00000000
5399682036505997640943469280145774500380672.00000000
693560710854753627486900306641619534217216.00000000
5362481123922989796205535986898979057041408.00000000
11591913136414421626769697357099982531854336.00000000
16480724867925106627252494373266378691969024.00000000
18471558315332186221042867050157779219120128.00000000
16342210545757987920080076848352310174154752.00000000
9594973197350743063856569884007396324409344.00000000
1237816787496000010326995577805869967998976.00000000
14469350071680428850474703510620985341509632.00000000
27391429158990852736280505407463533626523648.00000000
36696170728381170647407670712031110475284480.00000000
39153055008023777850344788235493353715662848.00000000
32435896605571088677609870224806994639847424.00000000
15930474451112456280228794440627572034240512.00000000
8683921854738948286554748899753599231328256.00000000
37280936773368469399275569421052213303705600.00000000
63706971228313244774777427719750503274381312.00000000
80812771489915905276340472233946289717379072.00000000
81991828944440259535969316959725549938278400.00000000
62967693526485635000632965056257687931584512.00000000
23445600872420940629544126771337338843824128.00000000
31818415163265162491702952777647432226832384.00000000
92943831417056506960036260446367912504066048.00000000
146114643880031559567503790635296259825467392.00000000
176049498488742485434962255712632629020852224.00000000
169455692127445511507024458848102734066876416.00000000
118849511143962911268585940913893582261190656.00000000
25879407128618933153391308267658746938785792.00000000
96803074672715772778949809607049483948916736.00000000
225955408256205192192598125982588003185328128.00000000
330906973171515693170309775663969649416994816.00000000
379369686022774915906912522415788693238317056.00000000
345105655581155195543897196685530926319403008.00000000
215999203633841746204153740351325986090909696.00000000
616337791239478171395356279653915896578048.00000000
268766328959823246219442091445934049206468608.00000000
538303080158695770828486178260140098932703232.00000000
740648249117612493786190056495904835550314496.00000000
808417648036855313650853647298803344206725120.00000000
691024984676695010068969723977725643975557120.00000000
371527909307320798846209874567609514148757504.00000000
120725412231227184700833034403022425057918976.00000000
705860711096605348152387783449472344415797248.00000000
1260814656904176695621693645329082259123208192.00000000
1639303424937596686245861932780239689340682240.00000000
1702588528744972582192769323163464148321304576.00000000
1356047776317949148121886201822953497878855680.00000000
583859891704682647730973263955914403900030976.00000000
527339936988071139690411224366863064548507648.00000000
1784504738606995470202295257282112743656128512.00000000
2909834555978901896949332712709140266310696960.00000000
3589038188699059931514771439401665164314935296.00000000
3540783182424492333386551959388229808653598720.00000000
2595268628975159435466989562467027787737726976.00000000
764558279919703137288139118641417940482654208.00000000
1714969226379542861301133687272273666618949632.00000000
4385636302658714723440603787110657352385167360.00000000
6627561072343000394885815379544947060232945664.00000000
7773076766362607702383526082258922804160233472.00000000
7261702192296464594247132883029311408853483520.00000000
4807058426639669560514858163234969312506675200.00000000
536989112908758061308150165625948989770694656.00000000
4934844807482071303396247458377839222355656704.00000000
10540926006100090500340332680845465056100483072.00000000
14913296002847591396066380953132605522992693248.00000000
16650434498070069032882045941093678977508179968.00000000
14659248992580648820681115690771601051275493376.00000000
8505454862573709448783773612832001135610953728.00000000
1313151515578393395934447616029900539575664640.00000000
13258121609373924553586562419271853621192425472.00000000
24874803824274859580643615717907784187145879552.00000000
33176955636832312201653428183496349851098021888.00000000
35260406493321047392201136263149166474857283584.00000000
29049618440601701997034286840469092642435629056.00000000
14023728764552093486166553123772325694596448256.00000000
8264565521647940523959752303041714413851639808.00000000
34058791998985997271802395896684135197597237248.00000000
57786877095912063184227400387533820642715500544.00000000
73000264193091632314003006360671275281840865280.00000000
73766932016293185647721762236925274760287354880.00000000
56283533791221835973542167435929061405086449664.00000000
20358402562077187352130931619242726366407294976.00000000
29637612114872922797967046512884677016949882880.00000000
