0.000000e+00 0.000000e+00 0.000000e+00
1.000000e-01 1.000000e-02 1.000000e-01
2.000000e-01 2.749950e-02 1.749950e-01
3.000000e-01 4.812213e-02 2.062263e-01
4.000000e-01 6.670972e-02 1.858759e-01
5.000000e-01 7.861188e-02 1.190217e-01
6.000000e-01 8.084858e-02 2.236697e-02
7.000000e-01 7.285514e-02 -7.993443e-02
8.000000e-01 5.662342e-02 -1.623172e-01
9.000000e-01 3.620386e-02 -2.041956e-01
1.000000e+00 1.669287e-02 -1.951099e-01
1.100000e+00 2.958700e-03 -1.373417e-01
1.200000e+00 -1.575585e-03 -4.534284e-02
1.300000e+00 4.212113e-03 5.787698e-02
1.400000e+00 1.886240e-02 1.465029e-01
1.500000e+00 3.869925e-02 1.983685e-01
1.600000e+00 5.874900e-02 2.004975e-01
1.700000e+00 7.398377e-02 1.523477e-01
1.800000e+00 8.057844e-02 6.594676e-02
1.900000e+00 7.686695e-02 -3.711498e-02
2.000000e+00 6.375875e-02 -1.310819e-01
2.100000e+00 4.451154e-02 -1.924721e-01
2.200000e+00 2.391675e-02 -2.059479e-01
2.300000e+00 7.101747e-03 -1.681500e-01
2.400000e+00 -1.752029e-03 -8.853776e-02
2.500000e+00 -4.544174e-04 1.297611e-02
2.600000e+00 1.064592e-02 1.110034e-01
2.700000e+00 2.874868e-02 1.810276e-01
2.800000e+00 4.930198e-02 2.055330e-01
2.900000e+00 6.714034e-02 1.783836e-01
3.000000e+00 7.777605e-02 1.063571e-01
3.100000e+00 7.852111e-02 7.450646e-03
3.200000e+00 6.915924e-02 -9.361878e-02
3.300000e+00 5.199990e-02 -1.715933e-01
3.400000e+00 3.130102e-02 -2.069888e-01
3.500000e+00 1.220443e-02 -1.909659e-01
3.600000e+00 -5.495465e-04 -1.275397e-01
3.700000e+00 -3.807163e-03 -3.257617e-02
3.800000e+00 3.210284e-03 7.017447e-02
3.900000e+00 1.871181e-02 1.550152e-01
4.000000e+00 3.878447e-02 2.007266e-01
4.100000e+00 5.837162e-02 1.958715e-01
4.200000e+00 7.253708e-02 1.416546e-01
4.300000e+00 7.769916e-02 5.162076e-02
4.400000e+00 7.252610e-02 -5.173055e-02
4.500000e+00 5.826904e-02 -1.425706e-01
4.600000e+00 3.844919e-02 -1.981985e-01
4.700000e+00 1.797756e-02 -2.047162e-01
4.800000e+00 1.927231e-03 -1.605033e-01
4.900000e+00 -5.734959e-03 -7.662189e-02
5.000000e+00 -3.140080e-03 2.594879e-02
5.100000e+00 9.015645e-03 1.215572e-01
5.200000e+00 2.764490e-02 1.862926e-01
5.300000e+00 4.804113e-02 2.039622e-01
5.400000e+00 6.505514e-02 1.701401e-01
5.500000e+00 7.438246e-02 9.327315e-02
5.600000e+00 7.363940e-02 -7.430538e-03
5.700000e+00 6.295905e-02 -1.068035e-01
5.800000e+00 4.495794e-02 -1.800111e-01
5.900000e+00 2.408198e-02 -2.087596e-01
6.000000e+00 5.494926e-03 -1.858705e-01
6.100000e+00 -6.212502e-03 -1.170743e-01
6.200000e+00 -8.170324e-03 -1.957822e-02
6.300000e+00 5.321910e-05 8.223543e-02
6.400000e+00 1.634373e-02 1.629051e-01
6.500000e+00 3.656927e-02 2.022554e-01
6.600000e+00 5.561333e-02 1.904406e-01
6.700000e+00 6.865398e-02 1.304065e-01
6.800000e+00 7.236935e-02 3.715371e-02
6.900000e+00 6.576811e-02 -6.601239e-02
7.000000e+00 5.043730e-02 -1.533081e-01
7.100000e+00 3.014559e-02 -2.029171e-01
7.200000e+00 9.901103e-03 -2.024449e-01
7.300000e+00 -5.300605e-03 -1.520171e-01
7.400000e+00 -1.172542e-02 -6.424813e-02
7.500000e+00 -7.834190e-03 3.891227e-02
7.600000e+00 5.332473e-03 1.316666e-01
7.700000e+00 2.441438e-02 1.908191e-01
7.800000e+00 4.457180e-02 2.015742e-01
7.900000e+00 6.069540e-02 1.612360e-01
8.000000e+00 6.868361e-02 7.988207e-02
8.100000e+00 6.646798e-02 -2.215628e-02
8.200000e+00 5.453034e-02 -1.193764e-01
8.300000e+00 3.578233e-02 -1.874801e-01
8.400000e+00 1.483749e-02 -2.094484e-01
8.500000e+00 -3.142088e-03 -1.797958e-01
8.600000e+00 -1.373632e-02 -1.059423e-01
8.700000e+00 -1.437209e-02 -6.357743e-03
8.800000e+00 -4.966576e-03 9.405514e-02
8.900000e+00 1.205209e-02 1.701867e-01
9.000000e+00 3.235186e-02 2.029977e-01
9.100000e+00 5.077976e-02 1.842790e-01
9.200000e+00 6.265018e-02 1.187042e-01
9.300000e+00 6.491625e-02 2.266075e-02
9.400000e+00 5.693161e-02 -7.984648e-02
9.500000e+00 4.061194e-02 -1.631967e-01
9.600000e+00 1.995611e-02 -2.065582e-01
9.700000e+00 4.646237e-05 -1.990965e-01
9.800000e+00 -1.422181e-02 -1.426827e-01
9.900000e+00 -1.936440e-02 -5.142594e-02
1.000000e+01 -1.417900e-02 5.185406e-02
1.010000e+01 -4.581949e-05 1.413318e-01
1.020000e+01 1.941742e-02 1.946324e-01
1.030000e+01 3.925997e-02 1.984254e-01
1.040000e+01 5.443571e-02 1.517574e-01
1.050000e+01 6.106472e-02 6.629018e-02
1.060000e+01 5.740327e-02 -3.661453e-02
1.070000e+01 4.427972e-02 -1.312355e-01
1.080000e+01 2.488748e-02 -1.939224e-01
1.090000e+01 3.986658e-03 -2.090083e-01
1.100000e+01 -1.328598e-02 -1.727264e-01
1.110000e+01 -2.270116e-02 -9.415180e-02
1.120000e+01 -2.199443e-02 7.067244e-03
1.130000e+01 -1.143228e-02 1.056216e-01
1.140000e+01 6.254548e-03 1.768682e-01
1.150000e+01 2.655368e-02 2.029913e-01
1.160000e+01 4.429927e-02 1.774559e-01
1.170000e+01 5.496343e-02 1.066417e-01
1.180000e+01 5.578826e-02 8.248239e-03
1.190000e+01 4.647526e-02 -9.312992e-02
1.200000e+01 2.926006e-02 -1.721521e-01
1.210000e+01 8.353409e-03 -2.090665e-01
1.220000e+01 -1.111139e-02 -1.946480e-01
1.230000e+01 -2.436189e-02 -1.325050e-01
1.240000e+01 -2.817954e-02 -3.817648e-02
1.250000e+01 -2.170434e-02 6.475200e-02
1.260000e+01 -6.649831e-03 1.505451e-01
1.270000e+01 1.312530e-02 1.977514e-01
1.280000e+01 3.258192e-02 1.945662e-01
1.290000e+01 4.676021e-02 1.417829e-01
1.300000e+01 5.201966e-02 5.259445e-02
1.310000e+01 4.694918e-02 -5.070481e-02
1.320000e+01 3.271990e-02 -1.422927e-01
1.330000e+01 1.279241e-02 -1.992750e-01
1.340000e+01 -7.948431e-03 -2.074084e-01
1.350000e+01 -2.441463e-02 -1.646620e-01
1.360000e+01 -3.258711e-02 -8.172476e-02
1.370000e+01 -3.052042e-02 2.066687e-02
1.380000e+01 -1.882913e-02 1.169129e-01
1.390000e+01 -5.341500e-04 1.829498e-01
1.400000e+01 1.969250e-02 2.022665e-01
1.410000e+01 3.669569e-02 1.700319e-01
1.420000e+01 4.612601e-02 9.430315e-02
1.430000e+01 4.552708e-02 -5.989324e-03
1.440000e+01 3.494969e-02 -1.057739e-01
1.450000e+01 1.693912e-02 -1.801057e-01
1.460000e+01 -4.101203e-03 -2.104032e-01
1.470000e+01 -2.301053e-02 -1.890932e-01
1.480000e+01 -3.516096e-02 -1.215043e-01
1.490000e+01 -3.761444e-02 -2.453478e-02
1.500000e+01 -2.985722e-02 7.757217e-02
1.510000e+01 -1.392833e-02 1.592889e-01
1.520000e+01 6.090236e-03 2.001857e-01
1.530000e+01 2.509399e-02 1.900375e-01
1.540000e+01 3.823209e-02 1.313810e-01
1.550000e+01 4.212009e-02 3.887996e-02
1.560000e+01 3.568601e-02 -6.434078e-02
1.570000e+01 2.043839e-02 -1.524762e-01
1.580000e+01 8.913772e-05 -2.034925e-01
1.590000e+01 -2.037444e-02 -2.046357e-01
1.600000e+01 -3.593643e-02 -1.556199e-01
1.610000e+01 -4.280630e-02 -6.869878e-02
1.620000e+01 -3.936654e-02 3.439761e-02
1.630000e+01 -2.657698e-02 1.278956e-01
1.640000e+01 -7.734870e-03 1.884211e-01
1.650000e+01 1.234948e-02 2.008435e-01
1.660000e+01 2.855525e-02 1.620577e-01
1.670000e+01 3.673135e-02 8.176103e-02
1.680000e+01 3.473420e-02 -1.997144e-02
1.690000e+01 2.296364e-02 -1.177056e-01
1.700000e+01 4.262953e-03 -1.870069e-01
1.710000e+01 -1.679192e-02 -2.105487e-01
1.720000e+01 -3.503636e-02 -1.824444e-01
1.730000e+01 -4.600821e-02 -1.097186e-01
1.740000e+01 -4.706333e-02 -1.055122e-02
1.750000e+01 -3.803660e-02 9.026737e-02
1.760000e+01 -2.128317e-02 1.675343e-01
1.770000e+01 -1.089721e-03 2.019345e-01
1.780000e+01 1.739727e-02 1.848699e-01
1.790000e+01 2.945814e-02 1.206086e-01
1.800000e+01 3.197994e-02 2.521807e-02
1.810000e+01 2.423474e-02 -7.745200e-02
1.820000e+01 8.061567e-03 -1.617318e-01
1.830000e+01 -1.259332e-02 -2.065489e-01
1.840000e+01 -3.266299e-02 -2.006967e-01
1.850000e+01 -4.722655e-02 -1.456356e-01
1.860000e+01 -5.273938e-02 -5.512824e-02
1.870000e+01 -4.791925e-02 4.820130e-02
1.880000e+01 -3.406690e-02 1.385235e-01
1.890000e+01 -1.474083e-02 1.932607e-01
1.900000e+01 5.132344e-03 1.987317e-01
1.910000e+01 2.048953e-02 1.535719e-01
1.920000e+01 2.739698e-02 6.907444e-02
1.930000e+01 2.403368e-02 -3.363297e-02
1.940000e+01 1.114668e-02 -1.288701e-01
1.950000e+01 -8.135728e-03 -1.928240e-01
1.960000e+01 -2.908601e-02 -2.095028e-01
1.970000e+01 -4.655930e-02 -1.747330e-01
1.980000e+01 -5.627962e-02 -9.720317e-02
1.990000e+01 -5.590882e-02 3.707991e-03
2.000000e+01 -4.563115e-02 1.027767e-01
2.010000e+01 -2.810716e-02 1.752399e-01
2.020000e+01 -7.808565e-03 2.029859e-01
2.030000e+01 1.009969e-02 1.790825e-01
2.040000e+01 2.105067e-02 1.095099e-01
2.050000e+01 2.221723e-02 1.166556e-02
2.060000e+01 1.321875e-02 -8.998478e-02
2.070000e+01 -3.783647e-03 -1.700240e-01
2.080000e+01 -2.462740e-02 -2.084375e-01
2.090000e+01 -4.418912e-02 -1.956172e-01
2.100000e+01 -5.766545e-02 -1.347633e-01
2.110000e+01 -6.177388e-02 -4.108430e-02
2.120000e+01 -5.557337e-02 6.200512e-02
2.130000e+01 -4.069959e-02 1.487377e-01
2.140000e+01 -2.095604e-02 1.974356e-01
2.150000e+01 -1.363086e-03 1.959295e-01
2.160000e+01 1.309706e-02 1.446015e-01
2.170000e+01 1.872595e-02 5.628890e-02
2.180000e+01 1.403350e-02 -4.692448e-02
2.190000e+01 1.105333e-04 -1.392297e-01
2.200000e+01 -1.964394e-02 -1.975447e-01
2.210000e+01 -4.037244e-02 -2.072850e-01
2.220000e+01 -5.697339e-02 -1.660095e-01
2.230000e+01 -6.537652e-02 -8.403129e-02
2.240000e+01 -6.356040e-02 1.816125e-02
2.250000e+01 -5.205779e-02 1.150261e-01
2.260000e+01 -3.382247e-02 1.823532e-01
2.270000e+01 -1.349076e-02 2.033171e-01
2.280000e+01 3.777552e-03 1.726831e-01
2.290000e+01 1.358918e-02 9.811629e-02
2.300000e+01 1.341566e-02 -1.735241e-03
2.310000e+01 3.225458e-03 -1.019020e-01
2.320000e+01 -1.450810e-02 -1.773356e-01
2.330000e+01 -3.542519e-02 -2.091709e-01
2.340000e+01 -5.436943e-02 -1.894423e-01
2.350000e+01 -6.667694e-02 -1.230751e-01
2.360000e+01 -6.934235e-02 -2.665407e-02
2.370000e+01 -6.177009e-02 7.572254e-02
2.380000e+01 -4.592333e-02 1.584677e-01
2.390000e+01 -2.583311e-02 2.009022e-01
2.400000e+01 -6.590633e-03 1.924247e-01
2.410000e+01 6.925560e-03 1.351619e-01
2.420000e+01 1.126925e-02 4.343690e-02
2.430000e+01 5.288082e-03 -5.981169e-02
2.440000e+01 -9.588335e-03 -1.487642e-01
2.450000e+01 -2.970582e-02 -2.011748e-01
2.460000e+01 -5.009916e-02 -2.039334e-01
2.470000e+01 -6.573342e-02 -1.563425e-01
2.480000e+01 -7.276263e-02 -7.029217e-02
2.490000e+01 -6.949134e-02 3.271294e-02
2.500000e+01 -5.679840e-02 1.269294e-01
2.510000e+01 -3.791730e-02 1.888110e-01
2.520000e+01 -1.762775e-02 2.028955e-01
2.530000e+01 -1.060787e-03 1.656696e-01
2.540000e+01 7.584027e-03 8.644814e-02
2.550000e+01 6.088481e-03 -1.495545e-02
2.560000e+01 -5.229720e-03 -1.131820e-01
2.570000e+01 -2.359638e-02 -1.836666e-01
2.580000e+01 -4.447435e-02 -2.087797e-01
2.590000e+01 -6.269781e-02 -1.822346e-01
2.600000e+01 -7.376373e-02 -1.106592e-01
2.610000e+01 -7.495760e-02 -1.193875e-02
2.620000e+01 -6.603209e-02 8.925518e-02
2.630000e+01 -4.926881e-02 1.676327e-01
2.640000e+01 -2.890800e-02 2.036082e-01
2.650000e+01 -1.008836e-02 1.881964e-01
2.660000e+01 2.437545e-03 1.252591e-01
2.670000e+01 5.491481e-03 3.053936e-02
2.680000e+01 -1.735912e-03 -7.227393e-02
2.690000e+01 -1.748277e-02 -1.574686e-01
2.700000e+01 -3.785647e-02 -2.037370e-01
2.710000e+01 -5.780677e-02 -1.995030e-01
2.720000e+01 -7.238839e-02 -1.458162e-01
2.730000e+01 -7.799729e-02 -5.608903e-02
2.740000e+01 -7.327172e-02 4.725571e-02
2.750000e+01 -5.943261e-02 1.383910e-01
2.760000e+01 -3.997838e-02 1.945423e-01
2.770000e+01 -1.981028e-02 2.016810e-01
2.780000e+01 -4.007108e-03 1.580317e-01
2.790000e+01 3.444492e-03 7.451600e-02
2.800000e+01 6.467152e-04 -2.797777e-02
2.810000e+01 -1.173496e-02 -1.238168e-01
2.820000e+01 -3.063815e-02 -1.890319e-01
2.830000e+01 -5.136914e-02 -2.073098e-01
2.840000e+01 -6.877630e-02 -1.740716e-01
2.850000e+01 -7.853803e-02 -9.761735e-02
2.860000e+01 -7.824313e-02 2.949008e-03
2.870000e+01 -6.799359e-02 1.024954e-01
2.880000e+01 -5.037910e-02 1.761449e-01
2.890000e+01 -2.982962e-02 2.054947e-01
2.900000e+01 -1.150792e-02 1.832171e-01
2.910000e+01 -1.881061e-05 1.148911e-01
2.920000e+01 1.741977e-03 1.760787e-02
2.930000e+01 -6.688216e-03 -8.430193e-02
2.940000e+01 -2.322333e-02 -1.653512e-01
2.950000e+01 -4.375010e-02 -2.052677e-01
2.960000e+01 -6.315637e-02 -1.940627e-01
2.970000e+01 -7.660912e-02 -1.345275e-01
2.980000e+01 -8.076273e-02 -4.153609e-02
2.990000e+01 -7.459538e-02 6.167351e-02
3.000000e+01 -5.966450e-02 1.493088e-01
3.010000e+01 -3.971742e-02 1.994708e-01
3.020000e+01 -1.975453e-02 1.996289e-01
3.030000e+01 -4.779175e-03 1.497536e-01
3.040000e+01 1.453176e-03 6.232351e-02
3.050000e+01 -2.626206e-03 -4.079382e-02
3.060000e+01 -1.600712e-02 -1.338091e-01
3.070000e+01 -3.535298e-02 -1.934587e-01
3.080000e+01 -5.583499e-02 -2.048200e-01
3.090000e+01 -7.233928e-02 -1.650429e-01
3.100000e+01 -8.074545e-02 -8.406167e-02
3.110000e+01 -7.895661e-02 1.788843e-02
3.120000e+01 -6.742362e-02 1.153298e-01
3.130000e+01 -4.903240e-02 1.839122e-01
3.140000e+01 -2.838241e-02 2.064999e-01
3.150000e+01 -1.063680e-02 1.774561e-01
3.160000e+01 -2.316391e-04 1.040516e-01
3.170000e+01 2.331251e-04 4.647642e-03
3.180000e+01 -9.356357e-03 -9.589482e-02
3.190000e+01 -2.659938e-02 -1.724302e-01
3.200000e+01 -4.718084e-02 -2.058146e-01
3.210000e+01 -6.595004e-02 -1.876920e-01
3.220000e+01 -7.820834e-02 -1.225830e-01
3.230000e+01 -8.088383e-02 -2.675495e-02
3.240000e+01 -7.329931e-02 7.584517e-02
3.250000e+01 -5.734159e-02 1.595773e-01
3.260000e+01 -3.698976e-02 2.035183e-01
3.270000e+01 -1.732047e-02 1.966929e-01
3.280000e+01 -3.238740e-03 1.408173e-01
3.290000e+01 1.748309e-03 4.987049e-02
3.300000e+01 -3.591797e-03 -5.340106e-02
3.310000e+01 -1.790875e-02 -1.431695e-01
3.320000e+01 -3.760705e-02 -1.969830e-01
3.330000e+01 -5.774486e-02 -2.013781e-01
3.340000e+01 -7.326949e-02 -1.552463e-01
3.350000e+01 -8.028057e-02 -7.011078e-02
3.360000e+01 -7.700512e-02 3.275448e-02
3.370000e+01 -6.424083e-02 1.276429e-01
3.380000e+01 -4.515662e-02 1.908422e-01
3.390000e+01 -2.450040e-02 2.065622e-01
3.400000e+01 -7.412135e-03 1.708826e-01
3.410000e+01 1.861181e-03 9.273316e-02
3.420000e+01 1.027257e-03 -8.339241e-03
3.430000e+01 -9.678425e-03 -1.070568e-01
3.440000e+01 -2.755148e-02 -1.787306e-01
3.450000e+01 -4.809473e-02 -2.054325e-01
3.460000e+01 -6.614247e-02 -1.804775e-01
3.470000e+01 -7.715195e-02 -1.100948e-01
3.480000e+01 -7.833902e-02 -1.187064e-02
3.490000e+01 -6.937417e-02 8.964844e-02
3.500000e+01 -5.246496e-02 1.690921e-01
3.510000e+01 -3.180408e-02 2.066088e-01
3.520000e+01 -1.252119e-02 1.928288e-01
3.530000e+01 5.994450e-04 1.312064e-01
3.540000e+01 4.315089e-03 3.715644e-02
3.550000e+01 -2.264840e-03 -6.579929e-02
3.560000e+01 -1.745610e-02 -1.519126e-01
3.570000e+01 -3.742071e-02 -1.996461e-01
3.580000e+01 -5.712643e-02 -1.970572e-01
3.590000e+01 -7.160483e-02 -1.447840e-01
3.600000e+01 -7.719341e-02 -5.588578e-02
3.610000e+01 -7.245122e-02 4.742189e-02
3.620000e+01 -5.851911e-02 1.393211e-01
3.630000e+01 -3.883451e-02 1.968459e-01
3.640000e+01 -1.827211e-02 2.056241e-01
3.650000e+01 -1.925119e-03 1.634699e-01
3.660000e+01 6.167937e-03 8.093057e-02
3.670000e+01 4.032915e-03 -2.135022e-02
3.680000e+01 -7.746447e-03 -1.177936e-01
3.690000e+01 -2.617446e-02 -1.842801e-01
3.700000e+01 -4.659242e-02 -2.041796e-01
3.710000e+01 -6.384327e-02 -1.725085e-01
3.720000e+01 -7.356090e-02 -9.717629e-02
3.730000e+01 -7.326165e-02 2.992527e-03
3.740000e+01 -6.296524e-02 1.029641e-01
3.750000e+01 -4.518986e-02 1.777538e-01
3.760000e+01 -2.432261e-02 2.086725e-01
3.770000e+01 -5.522734e-03 1.879988e-01
3.780000e+01 6.568178e-03 1.209091e-01
3.790000e+01 8.986586e-03 2.418409e-02
3.800000e+01 1.187882e-03 -7.798704e-02
3.810000e+01 -1.481747e-02 -1.600535e-01
3.820000e+01 -3.496655e-02 -2.014908e-01
3.830000e+01 -5.415973e-02 -1.919318e-01
3.840000e+01 -6.753556e-02 -1.337583e-01
3.850000e+01 -7.168617e-02 -4.150615e-02
3.860000e+01 -6.550923e-02 6.176938e-02
3.870000e+01 -5.048354e-02 1.502570e-01
3.880000e+01 -3.029931e-02 2.018423e-01
3.890000e+01 -9.935672e-03 2.036364e-01
3.900000e+01 5.584149e-03 1.551982e-01
3.910000e+01 1.244861e-02 6.864461e-02
3.920000e+01 9.010734e-03 -3.437876e-02
3.930000e+01 -3.800153e-03 -1.281089e-01
3.940000e+01 -2.271076e-02 -1.891061e-01
3.950000e+01 -4.292216e-02 -2.021140e-01
3.960000e+01 -5.930953e-02 -1.638737e-01
3.970000e+01 -6.770337e-02 -8.393837e-02
3.980000e+01 -6.593186e-02 1.771503e-02
3.990000e+01 -5.436387e-02 1.156799e-01
4.000000e+01 -3.581670e-02 1.854717e-01
4.010000e+01 -1.485179e-02 2.096491e-01
4.020000e+01 3.365633e-03 1.821743e-01
4.030000e+01 1.435787e-02 1.099224e-01
4.040000e+01 1.545416e-02 1.096284e-02
4.050000e+01 6.458335e-03 -8.995823e-02
4.060000e+01 -1.030210e-02 -1.676043e-01
4.070000e+01 -3.055787e-02 -2.025577e-01
4.080000e+01 -4.916527e-02 -1.860740e-01
4.090000e+01 -6.139209e-02 -1.222682e-01
4.100000e+01 -6.410067e-02 -2.708576e-02
4.110000e+01 -5.653232e-02 7.568351e-02
4.120000e+01 -4.049701e-02 1.603530e-01
4.130000e+01 -1.992090e-02 2.057611e-01
4.140000e+01 1.352314e-04 2.005613e-01
4.150000e+01 1.474114e-02 1.460590e-01
4.160000e+01 2.032967e-02 5.588533e-02
4.170000e+01 1.558856e-02 -4.741108e-02
4.180000e+01 1.788477e-03 -1.380008e-01
4.190000e+01 -1.753466e-02 -1.932313e-01
4.200000e+01 -3.746365e-02 -1.992899e-01
4.210000e+01 -5.292933e-02 -1.546569e-01
4.220000e+01 -5.997789e-02 -7.048560e-02
4.230000e+01 -5.675930e-02 3.218589e-02
4.240000e+01 -4.398986e-02 1.276945e-01
4.250000e+01 -2.477310e-02 1.921676e-01
4.260000e+01 -3.823935e-03 2.094916e-01
4.270000e+01 1.371005e-02 1.753399e-01
4.280000e+01 2.353553e-02 9.825479e-02
4.290000e+01 2.328672e-02 -2.488154e-03
4.300000e+01 1.311682e-02 -1.016990e-01
4.310000e+01 -4.340280e-03 -1.745710e-01
4.320000e+01 -2.462848e-02 -2.028820e-01
4.330000e+01 -4.258354e-02 -1.795505e-01
4.340000e+01 -5.362408e-02 -1.104055e-01
4.350000e+01 -5.489703e-02 -1.272944e-02
4.360000e+01 -4.599080e-02 8.906222e-02
4.370000e+01 -2.903829e-02 1.695251e-01
4.380000e+01 -8.183588e-03 2.085470e-01
4.390000e+01 1.145399e-02 1.963758e-01
4.400000e+01 2.505974e-02 1.360575e-01
4.410000e+01 2.932722e-02 4.267484e-02
4.420000e+01 2.328488e-02 -6.042338e-02
4.430000e+01 8.538919e-03 -1.474596e-01
4.440000e+01 -1.112828e-02 -1.966720e-01
4.450000e+01 -3.070375e-02 -1.957546e-01
4.460000e+01 -4.519716e-02 -1.449341e-01
4.470000e+01 -5.088846e-02 -5.691301e-02
4.480000e+01 -4.625787e-02 4.630589e-02
4.490000e+01 -3.236584e-02 1.389203e-01
4.500000e+01 -1.258796e-02 1.977788e-01
4.510000e+01 8.228956e-03 2.081692e-01
4.520000e+01 2.497853e-02 1.674958e-01
4.530000e+01 3.357143e-02 8.592899e-02
4.540000e+01 3.195768e-02 -1.613753e-02
4.550000e+01 2.063914e-02 -1.131854e-01
4.560000e+01 2.544057e-03 -1.809508e-01
4.570000e+01 -1.770504e-02 -2.024910e-01
4.580000e+01 -3.494696e-02 -1.724192e-01
4.590000e+01 -4.477217e-02 -9.825206e-02
4.600000e+01 -4.462517e-02 1.469988e-03
4.610000e+01 -3.444340e-02 1.018177e-01
4.620000e+01 -1.667289e-02 1.777051e-01
4.630000e+01 4.343272e-03 2.101616e-01
4.640000e+01 2.345066e-02 1.910738e-01
4.650000e+01 3.597212e-02 1.252146e-01
4.660000e+01 3.887707e-02 2.904947e-02
4.670000e+01 3.153910e-02 -7.337969e-02
4.680000e+01 1.589259e-02 -1.564651e-01
4.690000e+01 -4.050897e-03 -1.994349e-01
4.700000e+01 -2.320553e-02 -1.915463e-01
4.710000e+01 -3.668267e-02 -1.347714e-01
4.720000e+01 -4.101303e-02 -4.330361e-02
4.730000e+01 -3.501402e-02 5.999006e-02
4.740000e+01 -2.008541e-02 1.492861e-01
4.750000e+01 1.406306e-04 2.022604e-01
4.760000e+01 2.070753e-02 2.056690e-01
4.770000e+01 3.657349e-02 1.586595e-01
4.780000e+01 4.387186e-02 7.298371e-02
4.790000e+01 4.087786e-02 -2.993998e-02
4.800000e+01 2.843973e-02 -1.243813e-01
4.810000e+01 9.766654e-03 -1.867307e-01
4.820000e+01 -1.037352e-02 -2.014018e-01
4.830000e+01 -2.684628e-02 -1.647276e-01
4.840000e+01 -3.543407e-02 -8.587790e-02
4.850000e+01 -3.389069e-02 1.543378e-02
4.860000e+01 -2.250287e-02 1.138782e-01
4.870000e+01 -4.018575e-03 1.848430e-01
4.880000e+01 1.703996e-02 2.105853e-01
4.890000e+01 3.550677e-02 1.846682e-01
4.900000e+01 4.686368e-02 1.135691e-01
4.910000e+01 4.836980e-02 1.506113e-02
4.920000e+01 3.974673e-02 -8.623063e-02
4.930000e+01 2.324822e-02 -1.649852e-01
4.940000e+01 3.096620e-03 -2.015160e-01
4.950000e+01 -1.557262e-02 -1.866924e-01
4.960000e+01 -2.799490e-02 -1.242227e-01
4.970000e+01 -3.096756e-02 -2.972664e-02
4.980000e+01 -2.365062e-02 7.316938e-02
4.990000e+01 -7.776746e-03 1.587388e-01
5.000000e+01 1.278191e-02 2.055865e-01
5.010000e+01 3.298170e-02 2.019980e-01
5.020000e+01 4.786844e-02 1.488674e-01
5.030000e+01 5.381590e-02 5.947458e-02
5.040000e+01 4.943236e-02 -4.383538e-02
5.050000e+01 3.590856e-02 -1.352381e-01
5.060000e+01 1.671995e-02 -1.918861e-01
5.070000e+01 -3.242121e-03 -1.996207e-01
5.080000e+01 -1.889329e-02 -1.565116e-01
5.090000e+01 -2.622726e-02 -7.333972e-02
5.100000e+01 -2.331741e-02 2.909851e-02
5.110000e+01 -1.079843e-02 1.251898e-01
5.120000e+01 8.292329e-03 1.909075e-01
5.130000e+01 2.927417e-02 2.098184e-01
5.140000e+01 4.699325e-02 1.771908e-01
5.150000e+01 5.711100e-02 1.011775e-01
5.160000e+01 5.718877e-02 7.776579e-04
5.170000e+01 4.729747e-02 -9.891295e-02
5.180000e+01 2.999987e-02 -1.729760e-01
5.190000e+01 9.709853e-03 -2.029002e-01
5.200000e+01 -8.411040e-03 -1.812089e-01
5.210000e+01 -1.974401e-02 -1.133297e-01
5.220000e+01 -2.136770e-02 -1.623689e-02
5.230000e+01 -1.278855e-02 8.579144e-02
5.240000e+01 3.935786e-03 1.672434e-01
5.250000e+01 2.471088e-02 2.077510e-01
5.260000e+01 4.442911e-02 1.971823e-01
5.270000e+01 5.824656e-02 1.381744e-01
5.280000e+01 6.279397e-02 4.547410e-02
5.290000e+01 5.701908e-02 -5.774890e-02
5.300000e+01 4.244966e-02 -1.456942e-01
5.310000e+01 2.281157e-02 -1.963809e-01
5.320000e+01 3.097278e-03 -1.971429e-01
5.330000e+01 -1.168226e-02 -1.477953e-01
5.340000e+01 -1.775033e-02 -6.068078e-02
5.350000e+01 -1.350870e-02 4.241632e-02
5.360000e+01 6.288149e-05 1.357158e-01
5.370000e+01 1.965157e-02 1.958869e-01
5.380000e+01 4.043965e-02 2.078808e-01
5.390000e+01 5.730893e-02 1.686928e-01
5.400000e+01 6.612031e-02 8.811385e-02
5.410000e+01 6.474855e-02 -1.371765e-02
5.420000e+01 5.361353e-02 -1.113502e-01
5.430000e+01 3.557534e-02 -1.803820e-01
5.440000e+01 1.521917e-02 -2.035616e-01
5.450000e+01 -2.290910e-03 -1.751008e-01
5.460000e+01 -1.250305e-02 -1.021214e-01
5.470000e+01 -1.279053e-02 -2.874865e-03
5.480000e+01 -3.008507e-03 9.782025e-02
5.490000e+01 1.446983e-02 1.747833e-01
5.500000e+01 3.534649e-02 2.087667e-01
5.510000e+01 5.447324e-02 1.912674e-01
5.520000e+01 6.713857e-02 1.266533e-01
5.530000e+01 7.024563e-02 3.107067e-02
5.540000e+01 6.308643e-02 -7.159202e-02
5.550000e+01 4.751879e-02 -1.556764e-01
5.560000e+01 2.750192e-02 -2.001687e-01
5.570000e+01 8.106582e-03 -1.939534e-01
5.580000e+01 -5.752583e-03 -1.385916e-01
5.590000e+01 -1.054574e-02 -4.793156e-02
5.600000e+01 -5.010315e-03 5.535424e-02
5.610000e+01 9.533347e-03 1.454366e-01
5.620000e+01 2.951207e-02 1.997872e-01
5.630000e+01 4.999313e-02 2.048106e-01
5.640000e+01 6.591742e-02 1.592430e-01
5.650000e+01 7.336426e-02 7.446835e-02
5.660000e+01 7.053150e-02 -2.832761e-02
5.670000e+01 5.818610e-02 -1.234540e-01
5.680000e+01 3.947236e-02 -1.871373e-01
5.690000e+01 1.912587e-02 -2.034649e-01
5.700000e+01 2.289550e-03 -1.683632e-01
5.710000e+01 -6.772029e-03 -9.061579e-02
5.720000e+01 -5.738822e-03 1.033206e-02
5.730000e+01 5.184678e-03 1.092350e-01
5.740000e+01 2.332056e-02 1.813588e-01
5.750000e+01 4.418697e-02 2.086641e-01
5.760000e+01 6.261856e-02 1.843159e-01
5.770000e+01 7.405783e-02 1.143927e-01
5.780000e+01 7.569450e-02 1.636664e-02
5.790000e+01 6.716805e-02 -8.526451e-02
5.800000e+01 5.065788e-02 -1.651017e-01
5.810000e+01 3.033843e-02 -2.031944e-01
5.820000e+01 1.133559e-02 -1.900284e-01
5.830000e+01 -1.554806e-03 -1.289040e-01
5.840000e+01 -5.065934e-03 -3.511128e-02
5.850000e+01 1.723324e-03 6.789259e-02
5.860000e+01 1.715808e-02 1.543476e-01
5.870000e+01 3.742118e-02 2.026309e-01
5.880000e+01 5.748744e-02 2.006626e-01
5.890000e+01 7.238001e-02 1.489256e-01
5.900000e+01 7.841450e-02 6.034495e-02
5.910000e+01 7.412015e-02 -4.294346e-02
5.920000e+01 6.060748e-02 -1.351268e-01
5.930000e+01 4.129063e-02 -1.931685e-01
5.940000e+01 2.103388e-02 -2.025675e-01
5.950000e+01 4.935542e-03 -1.609834e-01
5.960000e+01 -2.946631e-03 -7.882173e-02
5.970000e+01 -6.098607e-04 2.336770e-02
5.980000e+01 1.139295e-02 1.200281e-01
5.990000e+01 3.009142e-02 1.869847e-01
6.000000e+01 5.084032e-02 2.074890e-01
6.010000e+01 6.848084e-02 1.764052e-01
6.020000e+01 7.863032e-02 1.014948e-01
6.030000e+01 7.877788e-02 1.475592e-03
6.040000e+01 6.891216e-02 -9.865716e-02
6.050000e+01 5.152416e-02 -1.738800e-01
6.060000e+01 3.098448e-02 -2.053969e-01
6.070000e+01 1.245065e-02 -1.853383e-01
6.080000e+01 5.777733e-04 -1.187287e-01
6.090000e+01 -1.645256e-03 -2.223030e-02
6.100000e+01 6.357005e-03 8.002261e-02
6.110000e+01 2.260270e-02 1.624569e-01
6.120000e+01 4.304813e-02 2.044543e-01
6.130000e+01 6.259867e-02 1.955054e-01
6.140000e+01 7.638245e-02 1.378378e-01
6.150000e+01 8.096828e-02 4.585829e-02
6.160000e+01 7.522348e-02 -5.744801e-02
6.170000e+01 6.059703e-02 -1.462645e-01
6.180000e+01 4.075734e-02 -1.983969e-01
6.190000e+01 2.067512e-02 -2.008221e-01
6.200000e+01 5.380742e-03 -1.529438e-01
6.210000e+01 -1.293404e-03 -6.674147e-02
6.220000e+01 2.329032e-03 3.622436e-02
6.230000e+01 1.534925e-02 1.302022e-01
6.240000e+01 3.451802e-02 1.916877e-01
6.250000e+01 5.504796e-02 2.052994e-01
6.260000e+01 7.181041e-02 1.676244e-01
6.270000e+01 8.061756e-02 8.807154e-02
6.280000e+01 7.926945e-02 -1.348105e-02
6.290000e+01 6.810393e-02 -1.116552e-01
6.300000e+01 4.991220e-02 -1.819174e-01
6.310000e+01 2.924100e-02 -2.067120e-01
6.320000e+01 1.125596e-02 -1.798504e-01
6.330000e+01 4.501469e-04 -1.080581e-01
6.340000e+01 -4.791548e-04 -9.293016e-03
6.350000e+01 8.695197e-03 9.174352e-02
6.360000e+01 2.567344e-02 1.697824e-01
6.370000e+01 4.620383e-02 2.053039e-01
6.380000e+01 6.514560e-02 1.894177e-01
6.390000e+01 7.775415e-02 1.260855e-01
6.400000e+01 8.086716e-02 3.113015e-02
6.410000e+01 7.369524e-02 -7.171927e-02
6.420000e+01 5.801920e-02 -1.567604e-01
6.430000e+01 3.774492e-02 -2.027428e-01
6.440000e+01 1.792682e-02 -1.981809e-01
6.450000e+01 3.504323e-03 -1.442250e-01
6.460000e+01 -1.933071e-03 -5.437394e-02
6.470000e+01 2.956892e-03 4.889963e-02
6.480000e+01 1.693364e-02 1.397675e-01
6.490000e+01 3.648392e-02 1.955028e-01
6.500000e+01 5.670012e-02 2.021620e-01
6.510000e+01 7.250717e-02 1.580705e-01
6.520000e+01 7.993130e-02 7.424130e-02
6.530000e+01 7.709351e-02 -2.837793e-02
6.540000e+01 6.467929e-02 -1.241421e-01
6.550000e+01 4.576730e-02 -1.891200e-01
6.560000e+01 2.505963e-02 -2.070767e-01
6.570000e+01 7.706365e-03 -1.735326e-01
6.580000e+01 -1.981993e-03 -9.688357e-02
6.590000e+01 -1.612122e-03 3.698704e-03
6.600000e+01 8.693783e-03 1.030591e-01
6.610000e+01 2.632857e-02 1.763479e-01
6.620000e+01 4.685191e-02 2.052334e-01
6.630000e+01 6.510039e-02 1.824848e-01
6.640000e+01 7.647838e-02 1.137799e-01
6.650000e+01 7.810692e-02 1.628534e-02
6.660000e+01 6.954347e-02 -8.563450e-02
6.670000e+01 5.289256e-02 -1.665090e-01
6.680000e+01 3.227967e-02 -2.061289e-01
6.690000e+01 1.281983e-02 -1.945984e-01
6.700000e+01 -6.611069e-04 -1.348094e-01
6.710000e+01 -4.832939e-03 -4.171832e-02
6.720000e+01 1.306353e-03 6.139293e-02
6.730000e+01 1.618010e-02 1.487374e-01
6.740000e+01 3.602709e-02 1.984700e-01
6.750000e+01 5.584194e-02 1.981485e-01
6.760000e+01 7.062636e-02 1.478442e-01
6.770000e+01 7.663881e-02 6.012446e-02
6.780000e+01 7.232983e-02 -4.308982e-02
6.790000e+01 5.872944e-02 -1.360039e-01
6.800000e+01 3.918965e-02 -1.953980e-01
6.810000e+01 1.854641e-02 -2.064323e-01
6.820000e+01 1.910706e-03 -1.663571e-01
6.830000e+01 -6.609257e-03 -8.519963e-02
6.840000e+01 -4.935055e-03 1.674202e-02
6.850000e+01 6.462339e-03 1.139739e-01
6.860000e+01 2.468030e-02 1.821797e-01
6.870000e+01 4.511023e-02 2.042993e-01
6.880000e+01 6.258969e-02 1.747946e-01
6.890000e+01 7.269303e-02 1.010333e-01
6.900000e+01 7.283779e-02 1.447642e-03
6.910000e+01 6.293036e-02 -9.907432e-02
6.920000e+01 4.538934e-02 -1.754102e-01
6.930000e+01 2.454092e-02 -2.084842e-01
6.940000e+01 5.537349e-03 -1.900357e-01
6.950000e+01 -6.931148e-03 -1.246850e-01
6.960000e+01 -9.808900e-03 -2.877752e-02
6.970000e+01 -2.438711e-03 7.370189e-02
6.980000e+01 1.327385e-02 1.571256e-01
6.990000e+01 3.333686e-02 2.006300e-01
7.000000e+01 5.266999e-02 1.933313e-01
7.010000e+01 6.637465e-02 1.370466e-01
7.020000e+01 7.095859e-02 4.583944e-02
7.030000e+01 6.520901e-02 -5.749578e-02
7.040000e+01 5.049575e-02 -1.471327e-01
7.050000e+01 3.042881e-02 -2.006694e-01
7.060000e+01 9.955916e-03 -2.047289e-01
7.070000e+01 -5.874457e-03 -1.583037e-01
7.080000e+01 -1.317517e-02 -7.300714e-02
7.090000e+01 -1.019221e-02 2.982960e-02
7.100000e+01 2.256822e-03 1.244903e-01
7.110000e+01 2.098712e-02 1.873029e-01
7.120000e+01 4.124286e-02 2.025574e-01
7.130000e+01 5.788620e-02 1.664334e-01
7.140000e+01 6.668172e-02 8.795520e-02
7.150000e+01 6.535529e-02 -1.326429e-02
7.160000e+01 5.416262e-02 -1.119267e-01
7.170000e+01 3.582532e-02 -1.833730e-01
7.180000e+01 1.485053e-02 -2.097479e-01
7.190000e+01 -3.595871e-03 -1.844640e-01
7.200000e+01 -1.498073e-02 -1.138486e-01
7.210000e+01 -1.653690e-02 -1.556164e-02
7.220000e+01 -7.954992e-03 8.581903e-02
7.230000e+01 8.539232e-03 1.649422e-01
7.240000e+01 2.874136e-02 2.020213e-01
7.250000e+01 4.751941e-02 1.877805e-01
7.260000e+01 6.009685e-02 1.257744e-01
7.270000e+01 6.324673e-02 3.149879e-02
7.280000e+01 5.609843e-02 -7.148304e-02
7.290000e+01 4.035532e-02 -1.574311e-01
7.300000e+01 1.986893e-02 -2.048639e-01
7.310000e+01 -3.239134e-04 -2.019284e-01
7.320000e+01 -1.526031e-02 -1.493640e-01
7.330000e+01 -2.129198e-02 -6.031671e-02
7.340000e+01 -1.699734e-02 4.294639e-02
7.350000e+01 -3.536883e-03 1.346046e-01
7.360000e+01 1.563695e-02 1.917384e-01
7.370000e+01 3.564291e-02 2.000595e-01
7.380000e+01 5.139120e-02 1.574830e-01
7.390000e+01 5.885603e-02 7.464822e-02
7.400000e+01 5.608197e-02 -2.774061e-02
7.410000e+01 4.367289e-02 -1.240908e-01
7.420000e+01 2.464097e-02 -1.903192e-01
7.430000e+01 3.653679e-03 -2.098729e-01
7.440000e+01 -1.413310e-02 -1.778678e-01
7.450000e+01 -2.436403e-02 -1.023093e-01
7.460000e+01 -2.457313e-02 -2.090950e-03
7.470000e+01 -1.480026e-02 9.772868e-02
7.480000e+01 2.418823e-03 1.721908e-01
7.490000e+01 2.268645e-02 2.026763e-01
7.500000e+01 4.084244e-02 1.815599e-01
7.510000e+01 5.225418e-02 1.141174e-01
7.520000e+01 5.397475e-02 1.720573e-02
7.530000e+01 4.547971e-02 -8.495042e-02
7.540000e+01 2.879817e-02 -1.668153e-01
7.550000e+01 8.005577e-03 -2.079260e-01
7.560000e+01 -1.179520e-02 -1.980077e-01
7.570000e+01 -2.574952e-02 -1.395432e-01
7.580000e+01 -3.046466e-02 -4.715142e-02
7.590000e+01 -2.485797e-02 5.606690e-02
7.600000e+01 -1.042752e-02 1.443045e-01
7.610000e+01 9.122401e-03 1.954992e-01
7.620000e+01 2.880741e-02 1.968501e-01
7.630000e+01 4.360909e-02 1.480168e-01
7.640000e+01 4.972963e-02 6.120543e-02
7.650000e+01 4.554129e-02 -4.188341e-02
7.660000e+01 3.199333e-02 -1.354796e-01
7.670000e+01 1.237471e-02 -1.961862e-01
7.680000e+01 -8.508137e-03 -2.088284e-01
7.690000e+01 -2.553289e-02 -1.702476e-01
7.700000e+01 -3.454195e-02 -9.009056e-02
7.710000e+01 -3.338178e-02 1.160170e-02
7.720000e+01 -2.244132e-02 1.094046e-01
7.730000e+01 -4.554716e-03 1.788660e-01
7.740000e+01 1.570721e-02 2.026192e-01
7.750000e+01 3.317968e-02 1.747247e-01
7.760000e+01 4.339518e-02 1.021550e-01
7.770000e+01 4.370031e-02 3.051349e-03
7.780000e+01 3.391920e-02 -9.781113e-02
7.790000e+01 1.639743e-02 -1.752177e-01
7.800000e+01 -4.584321e-03 -2.098175e-01
7.810000e+01 -2.388043e-02 -1.929611e-01
7.820000e+01 -3.676676e-02 -1.288633e-01
7.830000e+01 -4.012165e-02 -3.354888e-02
7.840000e+01 -3.320633e-02 6.915318e-02
7.850000e+01 -1.784962e-02 1.535671e-01
7.860000e+01 2.009315e-03 1.985894e-01
7.870000e+01 2.130574e-02 1.929642e-01
7.880000e+01 3.511555e-02 1.380981e-01
7.890000e+01 3.988632e-02 4.770770e-02
7.900000e+01 3.432540e-02 -5.560916e-02
7.910000e+01 1.972312e-02 -1.460229e-01
7.920000e+01 -3.698415e-04 -2.009296e-01
7.930000e+01 -2.103004e-02 -2.066020e-01
7.940000e+01 -3.719219e-02 -1.616214e-01
7.950000e+01 -4.491540e-02 -7.723219e-02
7.960000e+01 -4.236848e-02 2.546923e-02
7.970000e+01 -3.028764e-02 1.208084e-01
7.980000e+01 -1.179247e-02 1.849517e-01
7.990000e+01 8.393971e-03 2.018644e-01
8.000000e+01 2.512592e-02 1.673195e-01
8.010000e+01 3.412139e-02 8.995470e-02
8.020000e+01 3.303265e-02 -1.088740e-02
8.030000e+01 2.203318e-02 -1.099947e-01
8.040000e+01 3.774307e-03 -1.825887e-01
8.050000e+01 -1.727762e-02 -2.105193e-01
8.060000e+01 -3.595779e-02 -1.868018e-01
8.070000e+01 -4.769416e-02 -1.173637e-01
8.080000e+01 -4.965041e-02 -1.956250e-02
8.090000e+01 -4.143505e-02 8.215364e-02
8.100000e+01 -2.519926e-02 1.623579e-01
8.110000e+01 -5.099089e-03 2.010017e-01
8.120000e+01 1.374354e-02 1.884263e-01
8.130000e+01 2.652137e-02 1.277783e-01
8.140000e+01 2.994358e-02 3.422215e-02
8.150000e+01 2.305856e-02 -6.885026e-02
8.160000e+01 7.491750e-03 -1.556681e-01
8.170000e+01 -1.296064e-02 -2.045239e-01
8.180000e+01 -3.328071e-02 -2.032007e-01
8.190000e+01 -4.848334e-02 -1.520263e-01
8.200000e+01 -5.486245e-02 -6.379104e-02
8.210000e+01 -5.091749e-02 3.944959e-02
8.220000e+01 -3.772861e-02 1.318888e-01
8.230000e+01 -1.868658e-02 1.904203e-01
8.240000e+01 1.354896e-03 2.004147e-01
8.250000e+01 1.729262e-02 1.593772e-01
8.260000e+01 2.504971e-02 7.757089e-02
8.270000e+01 2.259482e-02 -2.454883e-02
8.280000e+01 1.045002e-02 -1.214481e-01
8.290000e+01 -8.439775e-03 -1.888979e-01
8.300000e+01 -2.944296e-02 -2.100319e-01
8.310000e+01 -4.739918e-02 -1.795622e-01
8.320000e+01 -5.790937e-02 -1.051019e-01
8.330000e+01 -5.843554e-02 -5.261756e-03
8.340000e+01 -4.893527e-02 9.500272e-02
8.350000e+01 -3.187227e-02 1.706300e-01
8.360000e+01 -1.160048e-02 2.027179e-01
8.370000e+01 6.724447e-03 1.832493e-01
8.380000e+01 1.843405e-02 1.170961e-01
8.390000e+01 2.051421e-02 2.080154e-02
8.400000e+01 1.235864e-02 -8.155567e-02
8.410000e+01 -4.079472e-03 -1.643811e-01
8.420000e+01 -2.477580e-02 -2.069633e-01
8.430000e+01 -4.464094e-02 -1.986514e-01
8.440000e+01 -5.879273e-02 -1.415179e-01
8.450000e+01 -6.377682e-02 -4.984091e-02
8.460000e+01 -5.843023e-02 5.346597e-02
8.470000e+01 -4.417207e-02 1.425816e-01
8.480000e+01 -2.464879e-02 1.952328e-01
8.490000e+01 -4.822545e-03 1.982625e-01
8.500000e+01 1.026937e-02 1.509191e-01
8.510000e+01 1.677382e-02 6.504451e-02
8.520000e+01 1.298515e-02 -3.788669e-02
8.530000e+01 -2.284100e-04 -1.321356e-01
8.540000e+01 -1.964179e-02 -1.941338e-01
8.550000e+01 -4.047933e-02 -2.083754e-01
8.560000e+01 -5.760871e-02 -1.712938e-01
8.570000e+01 -6.682401e-02 -9.215296e-02
8.580000e+01 -6.589716e-02 9.268451e-03
8.590000e+01 -5.513500e-02 1.076216e-01
8.600000e+01 -3.730251e-02 1.783249e-01
8.610000e+01 -1.693159e-02 2.037092e-01
8.620000e+01 8.119217e-04 1.774352e-01
8.630000e+01 1.141974e-02 1.060782e-01
8.640000e+01 1.216820e-02 7.484538e-03
8.650000e+01 2.799150e-03 -9.369048e-02
8.660000e+01 -1.441545e-02 -1.721460e-01
8.670000e+01 -3.524155e-02 -2.082610e-01
8.680000e+01 -5.454149e-02 -1.929995e-01
8.690000e+01 -6.755845e-02 -1.301696e-01
8.700000e+01 -7.110559e-02 -3.547142e-02
8.710000e+01 -6.436280e-02 6.742791e-02
8.720000e+01 -4.908170e-02 1.528110e-01
8.730000e+01 -2.914773e-02 1.993397e-01
8.740000e+01 -9.608778e-03 1.953895e-01
8.750000e+01 4.586768e-03 1.419555e-01
8.760000e+01 9.827166e-03 5.240398e-02
8.770000e+01 4.740235e-03 -5.086931e-02
8.780000e+01 -9.463587e-03 -1.420382e-01
8.790000e+01 -2.929384e-02 -1.983026e-01
8.800000e+01 -4.985267e-02 -2.055883e-01
8.810000e+01 -6.605927e-02 -1.620659e-01
8.820000e+01 -7.392006e-02 -7.860790e-02
8.830000e+01 -7.152712e-02 2.392940e-02
8.840000e+01 -5.953513e-02 1.199199e-01
8.850000e+01 -4.099770e-02 1.853742e-01
8.860000e+01 -2.060398e-02 2.039372e-01
8.870000e+01 -3.506341e-03 1.709764e-01
8.880000e+01 5.967711e-03 9.474052e-02
8.890000e+01 5.397411e-03 -5.702996e-03
8.900000e+01 -5.126059e-03 -1.052347e-01
8.910000e+01 -2.302237e-02 -1.789631e-01
8.920000e+01 -4.386710e-02 -2.084474e-01
8.930000e+01 -6.249788e-02 -1.863078e-01
8.940000e+01 -7.430493e-02 -1.180705e-01
8.950000e+01 -7.638353e-02 -2.078601e-02
8.960000e+01 -6.826020e-02 8.123340e-02
8.970000e+01 -5.201102e-02 1.624918e-01
8.980000e+01 -3.174267e-02 2.026835e-01
8.990000e+01 -1.256572e-02 1.917695e-01
9.000000e+01 6.830261e-04 1.324875e-01
9.010000e+01 4.649713e-03 3.966687e-02
9.020000e+01 -1.698087e-03 -6.347800e-02
9.030000e+01 -1.681326e-02 -1.511518e-01
9.040000e+01 -3.695594e-02 -2.014268e-01
9.050000e+01 -5.712846e-02 -2.017251e-01
9.060000e+01 -7.232474e-02 -1.519629e-01
9.070000e+01 -7.878188e-02 -6.457131e-02
9.080000e+01 -7.492077e-02 3.861101e-02
9.090000e+01 -6.174099e-02 1.317979e-01
9.100000e+01 -4.257078e-02 1.917020e-01
9.110000e+01 -2.223510e-02 2.033568e-01
9.120000e+01 -5.849294e-03 1.638581e-01
9.130000e+01 2.459700e-03 8.308993e-02
9.140000e+01 5.851012e-04 -1.874598e-02
9.150000e+01 -1.103301e-02 -1.161811e-01
9.160000e+01 -2.951773e-02 -1.848472e-01
9.170000e+01 -5.027452e-02 -2.075679e-01
9.180000e+01 -6.813987e-02 -1.786535e-01
9.190000e+01 -7.867217e-02 -1.053230e-01
9.200000e+01 -7.926208e-02 -5.899149e-03
9.210000e+01 -6.978491e-02 9.477170e-02
9.220000e+01 -5.263175e-02 1.715316e-01
9.230000e+01 -3.211172e-02 2.052004e-01
9.240000e+01 -1.337466e-02 1.873706e-01
9.250000e+01 -1.123704e-03 1.225095e-01
9.260000e+01 1.560523e-03 2.684227e-02
9.270000e+01 -6.009929e-03 -7.570452e-02
9.280000e+01 -2.195836e-02 -1.594843e-01
9.290000e+01 -4.231257e-02 -2.035422e-01
9.300000e+01 -6.199796e-02 -1.968539e-01
9.310000e+01 -7.610611e-02 -1.410815e-01
9.320000e+01 -8.112193e-02 -5.015824e-02
9.330000e+01 -7.580243e-02 5.319501e-02
9.340000e+01 -6.148744e-02 1.431499e-01
9.350000e+01 -4.176468e-02 1.972277e-01
9.360000e+01 -2.157280e-02 2.019188e-01
9.370000e+01 -5.966742e-03 1.560605e-01
9.380000e+01 1.145996e-03 7.112739e-02
9.390000e+01 -2.017741e-03 -3.163737e-02
9.400000e+01 -1.467100e-02 -1.265325e-01
9.410000e+01 -3.365343e-02 -1.898244e-01
9.420000e+01 -5.422142e-02 -2.056799e-01
9.430000e+01 -7.123394e-02 -1.701252e-01
9.440000e+01 -8.043783e-02 -9.203897e-02
9.450000e+01 -7.953111e-02 9.067195e-03
9.460000e+01 -6.873844e-02 1.079268e-01
9.470000e+01 -5.075495e-02 1.798349e-01
9.480000e+01 -3.007250e-02 2.068245e-01
9.490000e+01 -1.185668e-02 1.821582e-01
9.500000e+01 -6.554300e-04 1.120125e-01
9.510000e+01 7.379548e-04 1.393385e-02
9.520000e+01 -8.016857e-03 -8.754812e-02
9.530000e+01 -2.472215e-02 -1.670530e-01
9.540000e+01 -4.519160e-02 -2.046945e-01
9.550000e+01 -6.429685e-02 -1.910524e-01
9.560000e+01 -7.724958e-02 -1.295273e-01
9.570000e+01 -8.079863e-02 -3.549051e-02
9.580000e+01 -7.404276e-02 6.755868e-02
9.590000e+01 -5.865597e-02 1.538679e-01
9.600000e+01 -3.846901e-02 2.018696e-01
9.610000e+01 -1.851168e-02 1.995733e-01
9.620000e+01 -3.755378e-03 1.475630e-01
9.630000e+01 2.129721e-03 5.885099e-02
9.640000e+01 -2.307768e-03 -4.437489e-02
9.650000e+01 -1.593760e-02 -1.362984e-01
9.660000e+01 -3.533049e-02 -1.939288e-01
9.670000e+01 -5.561537e-02 -2.028489e-01
9.680000e+01 -7.169725e-02 -1.608188e-01
9.690000e+01 -7.953089e-02 -7.833638e-02
9.700000e+01 -7.713215e-02 2.398741e-02
9.710000e+01 -6.507402e-02 1.205813e-01
9.720000e+01 -4.634338e-02 1.873064e-01
9.730000e+01 -2.559427e-02 2.074911e-01
9.740000e+01 -7.984394e-03 1.760987e-01
9.750000e+01 2.114303e-03 1.009870e-01
9.760000e+01 2.208626e-03 9.432275e-04
9.770000e+01 -7.692581e-03 -9.901207e-02
9.780000e+01 -2.508065e-02 -1.738806e-01
9.790000e+01 -4.557424e-02 -2.049360e-01
9.800000e+01 -6.401472e-02 -1.844048e-01
9.810000e+01 -7.575578e-02 -1.174106e-01
9.820000e+01 -7.782505e-02 -2.069267e-02
9.830000e+01 -6.966717e-02 8.157885e-02
9.840000e+01 -5.328264e-02 1.638453e-01
9.850000e+01 -3.272772e-02 2.055492e-01
9.860000e+01 -1.310034e-02 1.962738e-01
9.870000e+01 7.343578e-04 1.383470e-01
9.880000e+01 5.360316e-03 4.625958e-02
9.890000e+01 -3.354387e-04 -5.695755e-02
9.900000e+01 -1.488455e-02 -1.454911e-01
9.910000e+01 -3.460444e-02 -1.971989e-01
9.920000e+01 -5.451893e-02 -1.991449e-01
9.930000e+01 -6.960232e-02 -1.508339e-01
9.940000e+01 -7.603580e-02 -6.433480e-02
9.950000e+01 -7.216217e-02 3.873638e-02
9.960000e+01 -5.890011e-02 1.326205e-01
9.970000e+01 -3.951459e-02 1.938553e-01
9.980000e+01 -1.880053e-02 2.071405e-01
9.990000e+01 -1.884182e-03 1.691635e-01
1.000000e+02 7.058518e-03 8.942700e-02
