0.000000e+00
5.103344e-03
9.112237e-03
1.095474e-02
1.007319e-02
6.587320e-03
1.289036e-03
4.536126e-03
9.420810e-03
1.208539e-02
1.177220e-02
8.457320e-03
2.881641e-03
3.612903e-03
9.406070e-03
1.300354e-02
1.342177e-02
1.045449e-02
4.749153e-03
2.331790e-03
9.035889e-03
1.365444e-02
1.495767e-02
1.252057e-02
6.853430e-03
7.014793e-04
8.287251e-03
1.398877e-02
1.631606e-02
1.459259e-02
9.147621e-03
1.258727e-03
7.147083e-03
1.396406e-02
1.743520e-02
1.660441e-02
1.157716e-02
3.519146e-03
5.612844e-03
1.354598e-02
1.825710e-02
1.848829e-02
1.408097e-02
6.040194e-03
3.692886e-03
1.270942e-02
1.872911e-02
2.017664e-02
1.659281e-02
8.773109e-03
1.406549e-03
1.143944e-02
1.880537e-02
2.160367e-02
1.904284e-02
1.166091e-02
1.215993e-03
9.731878e-03
1.844823e-02
2.270713e-02
2.135918e-02
1.463955e-02
4.134154e-03
7.593851e-03
1.762935e-02
2.342994e-02
2.346971e-02
1.763932e-02
7.297600e-03
5.043906e-03
1.633078e-02
2.372174e-02
2.530376e-02
2.058628e-02
1.064717e-02
2.111939e-03
1.454566e-02
2.354037e-02
2.679386e-02
2.340399e-02
1.411599e-02
1.161140e-03
1.227880e-02
2.285311e-02
2.787752e-02
2.601521e-02
1.763084e-02
4.724020e-03
9.546916e-03
2.163778e-02
2.849880e-02
2.834370e-02
2.111364e-02
8.515847e-03
6.378658e-03
1.988360e-02
2.860989e-02
3.031601e-02
2.448311e-02
1.246731e-02
2.814349e-03
1.759187e-02
2.817245e-02
3.186332e-02
2.765655e-02
1.650196e-02
1.094553e-03
1.477629e-02
2.715886e-02
3.292312e-02
3.055166e-02
2.053770e-02
5.286244e-03
1.146313e-02
2.555316e-02
3.344089e-02
3.308841e-02
2.448845e-02
9.689615e-03
7.690998e-03
2.335182e-02
3.337154e-02
3.519092e-02
2.826592e-02
1.422552e-02
3.510462e-03
2.056424e-02
3.268073e-02
3.678929e-02
3.178151e-02
1.880827e-02
1.016703e-03
1.721299e-02
3.134605e-02
3.782128e-02
3.494822e-02
2.334724e-02
5.818476e-03
1.333372e-02
2.935780e-02
3.823400e-02
3.768259e-02
2.774873e-02
1.081381e-02
8.974852e-03
2.671972e-02
3.798526e-02
3.990664e-02
3.191784e-02
1.591408e-02
4.196960e-03
2.344928e-02
3.704489e-02
4.154966e-02
3.576044e-02
2.102471e-02
9.281394e-04
1.957777e-02
3.539575e-02
4.254999e-02
3.918523e-02
2.604699e-02
6.318532e-03
1.515009e-02
3.303448e-02
4.285654e-02
4.210569e-02
3.087999e-02
1.188359e-02
1.022425e-02
2.997203e-02
4.243026e-02
4.444203e-02
3.542260e-02
1.752561e-02
4.870544e-03
2.623384e-02
4.124523e-02
4.612308e-02
3.957561e-02
2.314155e-02
8.294857e-04
2.185981e-02
3.928967e-02
4.708799e-02
4.324378e-02
2.862502e-02
6.784396e-03
1.690387e-02
3.656655e-02
4.728773e-02
4.633790e-02
3.386834e-02
1.289439e-02
1.143334e-02
3.309396e-02
4.668651e-02
4.877677e-02
3.876463e-02
1.905310e-02
5.527942e-03
2.890523e-02
4.526279e-02
5.048903e-02
4.321001e-02
2.514949e-02
7.214385e-04
2.404865e-02
4.301019e-02
5.141489e-02
4.710574e-02
3.106997e-02
7.214234e-03
1.858695e-02
3.993796e-02
5.150761e-02
5.036032e-02
3.670055e-02
1.384192e-02
1.259645e-02
3.607130e-02
5.073481e-02
5.289144e-02
4.192908e-02
2.048994e-02
6.165933e-03
3.145122e-02
4.907941e-02
5.462790e-02
4.664747e-02
2.703976e-02
6.047617e-04
2.613420e-02
4.654043e-02
5.551124e-02
5.075390e-02
3.337108e-02
7.606399e-03
2.019149e-02
4.313341e-02
5.549719e-02
5.415495e-02
3.936413e-02
1.472221e-02
1.370806e-02
3.889046e-02
5.455689e-02
5.676763e-02
4.490195e-02
2.182996e-02
6.781357e-03
3.386014e-02
5.267782e-02
5.852115e-02
4.987272e-02
2.880413e-02
4.802824e-04
2.810685e-02
4.986440e-02
5.935864e-02
5.417200e-02
3.551827e-02
7.959436e-03
2.171001e-02
4.613834e-02
5.923848e-02
5.770487e-02
4.184733e-02
1.553161e-02
1.476288e-02
4.153857e-02
5.813550e-02
6.038798e-02
4.767008e-02
2.306744e-02
7.371131e-03
3.612092e-02
5.604173e-02
6.215130e-02
5.287145e-02
3.043498e-02
3.488852e-04
2.995745e-02
5.296699e-02
6.293978e-02
5.734483e-02
3.750217e-02
8.272088e-03
2.313538e-02
4.893905e-02
6.271463e-02
6.099424e-02
4.413926e-02
1.626682e-02
1.575585e-02
4.400348e-02
6.145445e-02
6.373631e-02
5.022126e-02
2.419713e-02
7.932270e-03
3.822313e-02
5.915588e-02
6.550209e-02
5.563037e-02
3.192528e-02
2.115074e-04
3.167737e-02
5.583408e-02
6.623856e-02
6.025830e-02
3.931416e-02
8.543301e-03
2.446087e-02
5.152274e-02
6.590997e-02
6.400840e-02
4.622988e-02
1.692487e-02
1.668215e-02
4.627385e-02
6.449874e-02
6.679765e-02
5.254427e-02
2.521432e-02
8.461892e-03
4.015704e-02
6.200615e-02
6.855848e-02
5.813731e-02
3.326866e-02
6.913274e-05
3.325858e-02
5.845260e-02
6.924015e-02
6.289949e-02
4.094639e-02
8.772225e-03
2.568018e-02
5.387758e-02
6.881007e-02
6.673392e-02
4.811008e-02
1.750317e-02
1.753728e-02
4.833924e-02
6.725459e-02
6.955833e-02
5.462891e-02
2.611477e-02
8.957244e-03
4.191364e-02
6.457957e-02
7.130678e-02
6.038121e-02
3.445943e-02
7.721419e-05
3.469365e-02
6.081059e-02
7.193106e-02
6.525670e-02
4.239186e-02
8.958220e-03
2.678748e-02
5.599273e-02
7.140185e-02
6.915870e-02
4.977170e-02
1.799952e-02
1.831700e-02
5.019007e-02
6.970949e-02
7.200603e-02
5.646609e-02
2.689481e-02
9.415705e-03
4.348474e-02
6.686442e-02
7.373467e-02
6.235221e-02
3.549259e-02
2.264747e-04
3.597576e-02
6.289725e-02
7.429916e-02
6.731952e-02
4.364440e-02
9.100852e-03
2.777742e-02
5.785845e-02
7.367358e-02
7.127197e-02
5.120758e-02
1.841208e-02
1.901742e-02
5.181773e-02
7.185230e-02
7.412983e-02
5.804782e-02
2.755134e-02
9.834809e-03
4.486295e-02
6.885026e-02
7.583130e-02
6.404168e-02
3.636386e-02
3.775624e-04
3.709881e-02
6.470298e-02
7.633382e-02
6.907887e-02
4.469873e-02
9.199898e-03
2.864516e-02
5.946610e-02
7.561501e-02
7.306438e-02
5.241159e-02
1.873940e-02
1.963499e-02
5.321461e-02
7.367327e-02
7.592028e-02
5.936727e-02
2.808179e-02
1.021225e-02
4.604173e-02
7.052800e-02
7.758726e-02
6.544227e-02
3.706973e-02
5.293698e-04
3.805738e-02
6.621945e-02
7.802586e-02
7.052704e-02
4.555047e-02
9.255342e-03
2.938641e-02
6.080817e-02
7.721732e-02
7.452802e-02
5.337863e-02
1.898045e-02
2.016651e-02
5.437413e-02
7.516409e-02
7.736943e-02
6.041879e-02
2.848420e-02
1.054590e-02
4.701545e-02
7.188992e-02
7.899470e-02
6.654793e-02
3.760739e-02
6.807754e-04
3.884678e-02
6.743962e-02
7.936766e-02
7.165772e-02
4.619615e-02
9.267373e-03
2.999743e-02
6.187837e-02
7.847325e-02
7.565646e-02
5.410470e-02
1.913456e-02
2.060917e-02
5.529076e-02
7.631794e-02
7.847085e-02
6.119796e-02
2.875717e-02
1.083382e-02
4.777936e-02
7.292973e-02
8.004735e-02
6.735395e-02
3.797483e-02
8.306509e-04
3.946307e-02
6.835777e-02
8.035319e-02
7.246602e-02
4.663324e-02
9.236385e-03
3.047505e-02
6.267160e-02
7.937708e-02
7.644477e-02
5.458686e-02
1.920149e-02
2.096054e-02
5.596004e-02
7.712950e-02
7.921971e-02
6.170156e-02
2.889990e-02
1.107427e-02
4.832968e-02
7.364256e-02
8.074050e-02
6.785694e-02
3.817081e-02
9.778675e-04
3.990308e-02
6.896954e-02
8.097798e-02
7.294851e-02
4.686015e-02
9.162972e-03
3.081672e-02
6.318403e-02
7.992467e-02
7.688957e-02
5.482329e-02
1.918137e-02
2.121860e-02
5.637866e-02
7.759498e-02
7.961271e-02
6.192763e-02
2.891219e-02
1.126570e-02
4.866356e-02
7.402501e-02
8.107108e-02
6.805490e-02
3.819485e-02
1.121304e-03
4.016445e-02
6.927194e-02
8.123921e-02
7.310324e-02
4.687623e-02
9.047921e-03
3.102047e-02
6.341305e-02
8.011347e-02
7.698899e-02
5.481326e-02
1.907476e-02
2.138174e-02
5.654439e-02
7.771217e-02
7.964819e-02
6.187546e-02
2.879439e-02
1.140682e-02
4.877914e-02
7.407520e-02
8.103764e-02
6.794720e-02
3.804725e-02
1.259853e-03
4.024560e-02
6.926337e-02
8.113569e-02
7.292970e-02
4.668180e-02
8.892210e-03
3.108495e-02
6.335734e-02
7.994257e-02
7.674276e-02
5.455717e-02
1.888258e-02
2.144879e-02
5.645616e-02
7.748039e-02
7.932609e-02
6.154558e-02
2.854749e-02
1.149651e-02
4.867553e-02
7.379268e-02
8.064037e-02
6.753457e-02
3.772908e-02
1.392430e-03
4.014575e-02
6.894363e-02
8.066785e-02
7.242888e-02
4.627810e-02
8.696998e-03
3.100945e-02
6.301688e-02
7.941265e-02
7.615211e-02
5.405650e-02
1.860613e-02
2.141900e-02
5.611403e-02
7.690056e-02
7.864794e-02
6.093978e-02
2.817302e-02
1.153392e-02
4.835281e-02
7.317856e-02
7.988108e-02
6.681912e-02
3.724218e-02
1.517975e-03
3.986496e-02
6.831391e-02
7.983778e-02
7.160324e-02
4.566733e-02
8.463621e-03
3.079388e-02
6.239289e-02
7.852600e-02
7.521985e-02
5.331385e-02
1.824712e-02
2.129206e-02
5.551921e-02
7.597513e-02
7.761688e-02
6.006106e-02
2.767309e-02
1.151843e-02
4.781208e-02
7.223538e-02
7.876322e-02
6.580432e-02
3.658915e-02
1.635468e-03
3.940408e-02
6.737680e-02
7.864919e-02
7.045668e-02
4.485261e-02
8.193581e-03
3.043878e-02
6.148790e-02
7.728654e-02
7.395033e-02
5.233288e-02
1.780760e-02
2.106810e-02
5.467403e-02
7.470814e-02
7.623764e-02
5.891368e-02
2.705037e-02
1.144965e-02
4.705539e-02
7.096721e-02
7.729185e-02
6.449497e-02
3.577331e-02
1.743926e-03
3.876480e-02
6.613627e-02
7.710738e-02
6.899455e-02
4.383795e-02
7.888541e-03
2.994534e-02
6.030569e-02
7.569975e-02
7.234938e-02
5.111834e-02
1.728997e-02
2.074769e-02
5.358198e-02
7.310514e-02
7.451649e-02
5.750308e-02
2.630808e-02
1.132746e-02
4.608579e-02
6.937955e-02
7.547360e-02
6.289720e-02
3.479872e-02
1.842418e-03
3.794960e-02
6.459765e-02
7.521926e-02
6.722361e-02
4.262829e-02
7.550311e-03
2.931536e-02
5.885128e-02
7.377268e-02
7.042433e-02
4.967601e-02
1.669700e-02
2.033184e-02
5.224765e-02
7.117320e-02
7.246127e-02
5.583588e-02
2.544997e-02
1.115196e-02
4.490728e-02
6.747935e-02
7.331669e-02
6.101842e-02
3.367015e-02
1.930065e-03
3.696176e-02
6.276764e-02
7.299329e-02
6.515201e-02
4.122941e-02
7.180841e-03
2.855127e-02
5.713095e-02
7.151391e-02
6.818398e-02
4.801268e-02
1.603176e-02
1.982201e-02
5.067671e-02
6.892086e-02
7.008129e-02
5.391984e-02
2.448028e-02
1.092353e-02
4.352481e-02
6.527498e-02
7.083083e-02
5.886730e-02
3.239304e-02
2.006049e-03
3.580535e-02
6.065423e-02
7.043946e-02
6.278923e-02
3.964794e-02
6.782209e-03
2.765611e-02
5.515215e-02
6.893351e-02
6.563852e-02
4.613613e-02
1.529765e-02
1.922008e-02
4.887592e-02
6.635814e-02
6.738731e-02
5.176384e-02
2.340377e-02
1.064277e-02
4.194427e-02
6.277616e-02
6.802722e-02
5.645374e-02
3.097350e-02
2.069619e-03
3.448520e-02
5.826670e-02
6.756920e-02
6.014608e-02
3.789131e-02
6.356610e-03
2.663353e-02
5.292352e-02
6.604301e-02
6.279952e-02
4.405510e-02
1.449836e-02
1.852837e-02
4.685308e-02
6.349641e-02
6.439153e-02
4.937783e-02
2.222563e-02
1.031055e-02
4.017243e-02
5.999395e-02
6.491848e-02
5.378878e-02
2.941823e-02
2.120092e-03
3.300691e-02
5.561556e-02
6.439539e-02
5.723458e-02
3.596773e-02
5.906346e-03
2.548776e-02
5.045482e-02
6.285532e-02
5.967984e-02
4.177921e-02
1.363785e-02
1.774961e-02
4.461700e-02
6.034841e-02
6.110747e-02
4.677277e-02
2.095153e-02
9.927990e-03
3.821694e-02
5.694069e-02
6.151860e-02
5.088462e-02
2.773458e-02
2.156863e-03
3.137679e-02
5.271253e-02
6.093228e-02
5.406799e-02
3.388616e-02
5.433811e-03
2.422360e-02
4.775691e-02
5.938469e-02
5.629364e-02
3.931897e-02
1.272036e-02
1.688694e-02
4.217746e-02
5.692819e-02
5.754995e-02
4.396059e-02
1.958752e-02
9.496443e-03
3.608630e-02
5.362995e-02
5.784289e-02
4.775448e-02
2.593041e-02
2.179408e-03
2.960183e-02
4.957046e-02
5.719539e-02
5.066069e-02
3.165623e-02
4.941480e-03
2.284640e-02
4.484169e-02
5.564665e-02
5.265621e-02
3.668567e-02
1.175033e-02
1.594391e-02
3.954516e-02
5.325098e-02
5.373504e-02
4.095415e-02
1.814005e-02
9.017506e-03
3.378979e-02
5.007645e-02
5.390787e-02
4.441262e-02
2.401414e-02
2.187286e-03
2.768973e-02
4.620327e-02
5.320150e-02
4.702812e-02
2.928823e-02
4.431896e-03
2.136203e-02
4.172203e-02
5.165793e-02
4.878402e-02
3.389140e-02
1.073245e-02
1.492442e-02
3.673169e-02
4.933322e-02
4.967992e-02
3.776717e-02
1.661593e-02
8.493010e-03
3.133748e-02
4.629602e-02
4.973124e-02
4.087422e-02
2.199464e-02
2.180144e-03
2.564879e-02
4.262594e-02
4.896852e-02
4.318673e-02
2.679305e-02
3.907658e-03
1.977688e-02
3.841176e-02
4.743640e-02
4.469455e-02
3.094892e-02
9.671595e-03
1.383277e-02
3.374947e-02
4.519241e-02
4.540287e-02
3.441416e-02
1.502229e-02
7.925015e-03
2.874015e-02
4.230551e-02
4.533180e-02
3.715533e-02
1.988125e-02
2.157719e-03
2.348793e-02
3.885437e-02
4.451545e-02
3.915392e-02
2.418214e-02
3.371408e-03
1.809781e-02
3.492557e-02
4.300095e-02
4.040625e-02
2.787167e-02
8.572793e-03
1.267358e-02
3.061169e-02
4.084707e-02
4.092316e-02
3.091035e-02
1.336653e-02
7.315797e-03
2.600923e-02
3.812275e-02
4.072931e-02
3.327281e-02
1.768370e-02
2.119844e-03
2.121661e-02
3.490536e-02
3.986229e-02
3.494790e-02
2.146743e-02
2.825816e-03
1.633210e-02
3.127895e-02
3.837148e-02
3.593848e-02
2.467366e-02
7.441232e-03
1.145182e-02
2.733225e-02
3.631664e-02
3.626096e-02
2.727165e-02
1.165634e-02
6.667847e-03
2.315679e-02
3.376640e-02
3.594447e-02
2.924423e-02
1.541208e-02
2.066444e-03
1.884483e-02
3.079652e-02
3.502992e-02
3.058767e-02
1.866132e-02
2.273568e-03
1.448747e-02
2.748812e-02
3.356872e-02
3.131138e-02
2.136941e-02
6.282221e-03
1.017274e-02
2.392574e-02
3.162139e-02
3.143724e-02
2.351454e-02
9.899596e-03
5.983852e-03
2.019547e-02
2.925594e-02
3.099878e-02
2.508780e-02
1.307679e-02
1.997542e-03
1.638305e-02
2.654620e-02
3.004002e-02
2.609291e-02
1.577658e-02
1.717353e-03
1.257201e-02
2.356999e-02
2.861422e-02
2.654578e-02
1.797392e-02
5.101161e-03
8.841905e-03
2.040729e-02
2.678235e-02
2.647373e-02
1.965603e-02
8.104381e-03
5.266691e-03
