0.000000e+00
8.645368e-07
1.144500e-05
2.753853e-05
4.155845e-05
4.528405e-05
3.304459e-05
4.271598e-06
3.549025e-05
7.557426e-05
1.030316e-04
1.065690e-04
8.043157e-05
2.700807e-05
4.277355e-05
1.115957e-04
1.600483e-04
1.720079e-04
1.396277e-04
6.646155e-05
3.233615e-05
1.330464e-04
2.090783e-04
2.379529e-04
2.077520e-04
1.212227e-04
3.759081e-06
1.377560e-04
2.466924e-04
3.005085e-04
2.813487e-04
1.890784e-04
4.249726e-05
1.243367e-04
2.699985e-04
3.559802e-04
3.568155e-04
2.673946e-04
1.054157e-04
9.192307e-05
2.764290e-04
4.006849e-04
4.302078e-04
3.528850e-04
1.831344e-04
4.052117e-05
2.641436e-04
4.313848e-04
4.976739e-04
4.420169e-04
2.733018e-04
2.928200e-05
2.317986e-04
4.450987e-04
5.552808e-04
5.308215e-04
3.728424e-04
1.160255e-04
1.789005e-04
4.395036e-04
5.994378e-04
6.153085e-04
4.783341e-04
2.176935e-04
1.055524e-04
4.127376e-04
6.267350e-04
6.913096e-04
5.858264e-04
3.314830e-04
1.274835e-05
3.637526e-04
6.343366e-04
7.548847e-04
6.912271e-04
4.541447e-04
9.790445e-05
2.921025e-04
6.198210e-04
8.021890e-04
7.901651e-04
5.818105e-04
2.239575e-04
1.982342e-04
5.815272e-04
8.298517e-04
8.783715e-04
7.103460e-04
3.624182e-04
8.325743e-05
5.183884e-04
8.348567e-04
9.515776e-04
8.352334e-04
5.095904e-04
5.083443e-05
4.302161e-04
8.148756e-04
1.005872e-03
9.519198e-04
6.613829e-04
2.014121e-04
3.175220e-04
7.681513e-04
1.037623e-03
1.055748e-03
8.132145e-04
3.650636e-04
1.817290e-04
6.937706e-04
1.043794e-03
1.142283e-03
9.603231e-04
5.378541e-04
2.497890e-05
5.915418e-04
1.021879e-03
1.207282e-03
1.097727e-03
7.152522e-04
1.497351e-04
4.621941e-04
9.701564e-04
1.246979e-03
1.220518e-03
8.923922e-04
3.387728e-04
3.072454e-04
8.876317e-04
1.258078e-03
1.323872e-03
1.064067e-03
5.377937e-04
1.291194e-04
7.742173e-04
1.237989e-03
1.403308e-03
1.224980e-03
7.419674e-04
6.899713e-05
6.306662e-04
1.184825e-03
1.454728e-03
1.369794e-03
9.459947e-04
2.831217e-04
4.586739e-04
1.097568e-03
1.474633e-03
1.493360e-03
1.144313e-03
5.086272e-04
2.608003e-04
9.760734e-04
1.460183e-03
1.590806e-03
1.331184e-03
7.402900e-04
4.048478e-05
8.211488e-04
1.409340e-03
1.657723e-03
1.500878e-03
9.724427e-04
1.980419e-04
6.345502e-04
1.320939e-03
1.690286e-03
1.647818e-03
1.199095e-03
4.498289e-04
4.189784e-04
1.194757e-03
1.685378e-03
1.766728e-03
1.414074e-03
7.092993e-04
1.780584e-04
1.031575e-03
1.640726e-03
1.852811e-03
1.611212e-03
9.704016e-04
8.375099e-05
8.331585e-04
1.554951e-03
1.901854e-03
1.784457e-03
1.226701e-03
3.611887e-04
6.023126e-04
1.427707e-03
1.910422e-03
1.928105e-03
1.471600e-03
6.483674e-04
3.427718e-04
1.259644e-03
1.875897e-03
2.036877e-03
1.698417e-03
9.388098e-04
5.923633e-05
1.052537e-03
1.796681e-03
2.106174e-03
1.900655e-03
1.225701e-03
2.428225e-04
8.091631e-04
1.672156e-03
2.132098e-03
2.072058e-03
1.501921e-03
5.571402e-04
5.334094e-04
1.502875e-03
2.111722e-03
2.206916e-03
1.760356e-03
8.769351e-04
2.300624e-04
1.290440e-03
2.043042e-03
2.300068e-03
1.993919e-03
1.194891e-03
9.510544e-05
1.037676e-03
1.925235e-03
2.347234e-03
2.195900e-03
1.503504e-03
4.356283e-04
7.484123e-04
1.758534e-03
2.344956e-03
2.359957e-03
1.795059e-03
7.842782e-04
4.276395e-04
1.544472e-03
2.290926e-03
2.480492e-03
2.062026e-03
1.133431e-03
8.120405e-05
1.285667e-03
2.183860e-03
2.552593e-03
2.297025e-03
1.475006e-03
2.840662e-04
9.860350e-04
2.023806e-03
2.572415e-03
2.493247e-03
1.800890e-03
6.607390e-04
6.504952e-04
1.811935e-03
2.537060e-03
2.644390e-03
2.102876e-03
1.040675e-03
2.851470e-04
1.550823e-03
2.444947e-03
2.745090e-03
2.373121e-03
1.415471e-03
1.031065e-04
1.244162e-03
2.295616e-03
2.790808e-03
2.604071e-03
1.776364e-03
5.064109e-04
8.969937e-04
2.090067e-03
2.778253e-03
2.788938e-03
2.114724e-03
9.164071e-04
5.153448e-04
1.830492e-03
2.705202e-03
2.921586e-03
2.421958e-03
1.324110e-03
1.064210e-04
1.520565e-03
2.570901e-03
2.997008e-03
2.690023e-03
1.720405e-03
3.218332e-04
1.165096e-03
2.375813e-03
3.011163e-03
2.911316e-03
2.095946e-03
7.605789e-04
7.702722e-04
2.121967e-03
2.961423e-03
3.079187e-03
2.441681e-03
1.200580e-03
3.432403e-04
1.812643e-03
2.846357e-03
3.187799e-03
2.748749e-03
1.632081e-03
1.077063e-04
1.452658e-03
2.666130e-03
3.232617e-03
3.009018e-03
2.045339e-03
5.736079e-04
1.047975e-03
2.422218e-03
3.210225e-03
3.214968e-03
2.430525e-03
1.044695e-03
6.059368e-04
2.117746e-03
3.118768e-03
3.360208e-03
2.778270e-03
1.510915e-03
1.348060e-04
1.757142e-03
2.957711e-03
3.439330e-03
3.079569e-03
1.961828e-03
3.560648e-04
1.346395e-03
2.728223e-03
3.448390e-03
3.326321e-03
2.387154e-03
8.567389e-04
8.926515e-04
2.432878e-03
3.384714e-03
3.511217e-03
2.776690e-03
1.356581e-03
4.044002e-04
2.075952e-03
3.247323e-03
3.628248e-03
3.120864e-03
1.844796e-03
1.089911e-04
1.663067e-03
3.036680e-03
3.672565e-03
3.410653e-03
2.310352e-03
6.371536e-04
1.201413e-03
2.755038e-03
3.640927e-03
3.638106e-03
2.742530e-03
1.169223e-03
6.993233e-04
2.406137e-03
3.531523e-03
3.796262e-03
3.130875e-03
1.693775e-03
1.664213e-04
1.995451e-03
3.344341e-03
3.879613e-03
3.465726e-03
2.199350e-03
3.868475e-04
1.529838e-03
3.080938e-03
3.883997e-03
3.738171e-03
2.674434e-03
9.491507e-04
1.017691e-03
2.744718e-03
3.806987e-03
3.940538e-03
3.107972e-03
1.508758e-03
4.685365e-04
2.340651e-03
3.647744e-03
4.066343e-03
3.489383e-03
2.053543e-03
1.068993e-04
1.875444e-03
3.407314e-03
4.110702e-03
3.809034e-03
2.571473e-03
6.971303e-04
1.357215e-03
3.088431e-03
4.070260e-03
4.058264e-03
3.050662e-03
1.289925e-03
7.955592e-04
2.695711e-03
3.943515e-03
4.229800e-03
3.479836e-03
1.872761e-03
2.011830e-04
2.235402e-03
3.730698e-03
4.317769e-03
3.848412e-03
2.432902e-03
4.141247e-04
1.715471e-03
3.433999e-03
4.318030e-03
4.146917e-03
2.957848e-03
1.037888e-03
1.145307e-03
3.057400e-03
4.228153e-03
4.367069e-03
3.435456e-03
1.657052e-03
5.356964e-04
2.606781e-03
4.047660e-03
4.502125e-03
3.854355e-03
2.258383e-03
1.015036e-04
2.089707e-03
3.777950e-03
4.546949e-03
4.204091e-03
2.828643e-03
7.534906e-04
1.515419e-03
3.422429e-03
4.498260e-03
4.475479e-03
3.354970e-03
1.406863e-03
8.945739e-04
2.986393e-03
4.354667e-03
4.660752e-03
3.825092e-03
2.047825e-03
2.391272e-04
2.477022e-03
4.116807e-03
4.753824e-03
4.227665e-03
2.662531e-03
4.379544e-04
1.903228e-03
3.787336e-03
4.750420e-03
4.552500e-03
3.237348e-03
1.122916e-03
1.275524e-03
3.370941e-03
4.648230e-03
4.790831e-03
3.759174e-03
1.801506e-03
6.058257e-04
2.874281e-03
4.447007e-03
4.935538e-03
4.215733e-03
2.459283e-03
9.278228e-05
2.305870e-03
4.148596e-03
4.981317e-03
4.595841e-03
3.081890e-03
8.062747e-04
1.675975e-03
3.756979e-03
4.924873e-03
4.889708e-03
3.655422e-03
1.520016e-03
9.963761e-04
3.278184e-03
4.764979e-03
5.089122e-03
4.166657e-03
2.218994e-03
2.802182e-04
2.720269e-03
4.502624e-03
5.187739e-03
4.603454e-03
2.888220e-03
4.583313e-04
2.093105e-03
4.140942e-03
5.181160e-03
4.954919e-03
3.512945e-03
1.204255e-03
1.408312e-03
3.685307e-03
5.067184e-03
5.211799e-03
4.079110e-03
1.942119e-03
6.789155e-04
3.143134e-03
4.845769e-03
5.366568e-03
4.573512e-03
2.656247e-03
8.075106e-05
2.523908e-03
4.519226e-03
5.413784e-03
4.984272e-03
3.331215e-03
8.554947e-04
1.838863e-03
4.092054e-03
5.350073e-03
5.300930e-03
3.952006e-03
1.629385e-03
1.100956e-03
3.571069e-03
5.174437e-03
5.514901e-03
4.504533e-03
2.386281e-03
3.244295e-04
2.965108e-03
4.888111e-03
5.619480e-03
4.975751e-03
3.109952e-03
4.752509e-04
2.285098e-03
4.494808e-03
5.610246e-03
5.354178e-03
3.784654e-03
1.281935e-03
1.543631e-03
4.000452e-03
5.484970e-03
5.629931e-03
4.395234e-03
2.078870e-03
7.549756e-04
3.413344e-03
5.243947e-03
5.795221e-03
4.927711e-03
2.849307e-03
6.545328e-05
2.743770e-03
4.889786e-03
5.844296e-03
5.369337e-03
3.576582e-03
9.011269e-04
2.004095e-03
4.427663e-03
5.773874e-03
5.709166e-03
4.244754e-03
1.735016e-03
1.208256e-03
3.864984e-03
5.582976e-03
5.938031e-03
4.838670e-03
2.549648e-03
3.717890e-04
3.211559e-03
5.273287e-03
6.049070e-03
5.344592e-03
3.327773e-03
4.887714e-04
2.479140e-03
4.848863e-03
6.037609e-03
5.750215e-03
4.052424e-03
1.355914e-03
1.681513e-03
4.316402e-03
5.901614e-03
6.045263e-03
4.707590e-03
2.211819e-03
8.339358e-04
3.684834e-03
5.641463e-03
6.221425e-03
5.278263e-03
3.038409e-03
4.684565e-05
2.965492e-03
5.260307e-03
6.272891e-03
5.751084e-03
3.818049e-03
9.432416e-04
2.171594e-03
4.763722e-03
6.196190e-03
6.114339e-03
4.533601e-03
1.836851e-03
1.318323e-03
4.159970e-03
5.990637e-03
6.358557e-03
5.169124e-03
2.709164e-03
4.222161e-04
3.459535e-03
5.658063e-03
6.476422e-03
5.709897e-03
3.541618e-03
4.988376e-04
2.675277e-03
5.203152e-03
6.463293e-03
6.143084e-03
4.316319e-03
1.426272e-03
1.821870e-03
4.633064e-03
6.317023e-03
6.457706e-03
5.016103e-03
2.340899e-03
9.158511e-04
3.957652e-03
6.038365e-03
6.645232e-03
5.625231e-03
3.223627e-03
2.501485e-05
3.188977e-03
5.630692e-03
6.699474e-03
6.129425e-03
4.055540e-03
9.817755e-04
2.341412e-03
5.100282e-03
6.617075e-03
6.516507e-03
4.818616e-03
1.934976e-03
1.431064e-03
4.455927e-03
6.397320e-03
6.776385e-03
5.495812e-03
2.864758e-03
4.757712e-04
3.709088e-03
6.042488e-03
6.901592e-03
6.071731e-03
3.751563e-03
5.055378e-04
2.873412e-03
5.557572e-03
6.887203e-03
6.532694e-03
4.576263e-03
1.492941e-03
1.964757e-03
4.950489e-03
6.731250e-03
6.867321e-03
5.320842e-03
2.466193e-03
1.000629e-03
4.231699e-03
6.434552e-03
7.066546e-03
5.968530e-03
3.404889e-03
1.001493e-07
3.414280e-03
6.000992e-03
7.124097e-03
6.504422e-03
4.289131e-03
1.016814e-03
2.513455e-03
5.437244e-03
7.036431e-03
6.915582e-03
5.099722e-03
2.029323e-03
1.546533e-03
4.752905e-03
6.803073e-03
7.191570e-03
5.818798e-03
3.016505e-03
5.323673e-04
3.960125e-03
6.426469e-03
7.324490e-03
6.430014e-03
3.957537e-03
5.088148e-04
3.073594e-03
5.912169e-03
7.309383e-03
6.919101e-03
4.832319e-03
1.555999e-03
2.110088e-03
5.268585e-03
7.144204e-03
7.274023e-03
5.621734e-03
2.587641e-03
1.088318e-03
4.507017e-03
6.830065e-03
7.485413e-03
6.308215e-03
3.582261e-03
2.842221e-05
3.641316e-03
6.371119e-03
7.546679e-03
6.876001e-03
4.518758e-03
1.048308e-03
2.687763e-03
5.774642e-03
7.454294e-03
7.311606e-03
5.376972e-03
2.119959e-03
1.664655e-03
5.050822e-03
7.207817e-03
7.604039e-03
6.138020e-03
3.164357e-03
5.920424e-04
4.212675e-03
6.810032e-03
7.745147e-03
6.784785e-03
4.159595e-03
5.087319e-04
3.275751e-03
6.266869e-03
7.729764e-03
7.302243e-03
5.084439e-03
1.615408e-03
2.257890e-03
5.587374e-03
7.555907e-03
7.677840e-03
5.918818e-03
2.705292e-03
1.178859e-03
4.783539e-03
7.224838e-03
7.901774e-03
6.644238e-03
3.755706e-03
5.997567e-05
3.870100e-03
6.741087e-03
7.967235e-03
7.244187e-03
4.744458e-03
1.076303e-03
2.864281e-03
6.112419e-03
7.870609e-03
7.704533e-03
5.650331e-03
2.206861e-03
1.785442e-03
5.349684e-03
7.611557e-03
8.013802e-03
6.453498e-03
3.308344e-03
6.547549e-04
4.466691e-03
7.193129e-03
8.163519e-03
7.136011e-03
4.357714e-03
5.052808e-04
3.479883e-03
6.621667e-03
8.148343e-03
7.682124e-03
5.332638e-03
1.671197e-03
2.408127e-03
5.906816e-03
7.966322e-03
8.078742e-03
6.212074e-03
2.819141e-03
1.272246e-03
5.061255e-03
7.618858e-03
8.315619e-03
6.976596e-03
3.925237e-03
9.473859e-05
4.100603e-03
7.110864e-03
8.385740e-03
7.608964e-03
4.966226e-03
1.100809e-03
3.042990e-03
6.450550e-03
8.285354e-03
8.094347e-03
5.919794e-03
2.290035e-03
1.908877e-03
5.649471e-03
8.014273e-03
8.420845e-03
6.765230e-03
3.448479e-03
7.204813e-04
4.722141e-03
7.575727e-03
8.579577e-03
7.483673e-03
4.551886e-03
4.984632e-04
3.685979e-03
6.976551e-03
8.565112e-03
8.058745e-03
5.576930e-03
1.723391e-03
2.560762e-03
6.226869e-03
8.375405e-03
8.476694e-03
6.501479e-03
2.929175e-03
1.368482e-03
5.340161e-03
8.012123e-03
8.726953e-03
7.305307e-03
4.090881e-03
1.326705e-04
4.332777e-03
7.480400e-03
8.802144e-03
7.970290e-03
5.184033e-03
1.121808e-03
3.223900e-03
6.789043e-03
8.698539e-03
8.481066e-03
6.185392e-03
2.369525e-03
2.034908e-03
5.950122e-03
8.415905e-03
8.825116e-03
7.073171e-03
3.584728e-03
7.892441e-04
4.979042e-03
7.957841e-03
8.993342e-03
7.827799e-03
4.742155e-03
4.883351e-04
3.893976e-03
7.331453e-03
8.980004e-03
8.432048e-03
5.817268e-03
1.771954e-03
2.715823e-03
6.547555e-03
8.783183e-03
8.871729e-03
6.787075e-03
3.035449e-03
1.467500e-03
5.620182e-03
8.404557e-03
9.135705e-03
7.630309e-03
4.252589e-03
1.738098e-04
4.566653e-03
7.849723e-03
9.216482e-03
8.328210e-03
5.397936e-03
1.139369e-03
3.406933e-03
7.127815e-03
9.110081e-03
8.864616e-03
6.447060e-03
2.445280e-03
2.163575e-03
6.251674e-03
8.816490e-03
9.226657e-03
7.377379e-03
3.717159e-03
8.609639e-04
5.237307e-03
8.339382e-03
9.404730e-03
8.168317e-03
4.928457e-03
4.748451e-04
4.103917e-03
7.686413e-03
9.393066e-03
8.802088e-03
6.053716e-03
1.816966e-03
2.873220e-03
6.868782e-03
9.189564e-03
9.263760e-03
7.068789e-03
3.137903e-03
1.569351e-03
5.901366e-03
8.796206e-03
9.541927e-03
7.951665e-03
4.410436e-03
2.180700e-04
4.802137e-03
8.218738e-03
9.628661e-03
8.682640e-03
5.607863e-03
1.153430e-03
3.592140e-03
7.466914e-03
9.520034e-03
9.245057e-03
6.704871e-03
2.517383e-03
2.294786e-03
6.554028e-03
9.215931e-03
9.625377e-03
7.677770e-03
3.845704e-03
9.356989e-04
5.496987e-03
8.720403e-03
9.813797e-03
8.505292e-03
5.110870e-03
4.580827e-04
