     0.00000000      0.00000000      0.00000000
     0.10000000      0.00489579      0.09583169
     0.20000000      0.01837582      0.16819480
     0.30000000      0.03713984      0.19938579
     0.40000000      0.05659497      0.18177482
     0.50000000      0.07197928      0.11966967
     0.60000000      0.07952650      0.02825970
     0.70000000      0.07738699     -0.07010152
     0.80000000      0.06607972     -0.15136496
     0.90000000      0.04836483     -0.19566845
     1.00000000      0.02856810     -0.19219369
     1.10000000      0.01152259     -0.14181032
     1.20000000      0.00138649     -0.05686078
     1.30000000      0.00062622      0.04186087
     1.40000000      0.00941356      0.13019655
     1.50000000      0.02558411      0.18653347
     1.60000000      0.04516718      0.19708973
     1.70000000      0.06335727      0.15928340
     1.80000000      0.07568966      0.08236175
     1.90000000      0.07913227     -0.01486305
     2.00000000      0.07282698     -0.10861694
     2.10000000      0.05829903     -0.17597981
     2.20000000      0.03908350     -0.20049106
     2.30000000      0.01986027     -0.17617428
     2.40000000      0.00530915     -0.10899668
     2.50000000     -0.00103467     -0.01540720
     2.60000000      0.00235491      0.08168887
     2.70000000      0.01462216      0.15853345
     2.80000000      0.03273923      0.19632657
     2.90000000      0.05224724      0.18582355
     3.00000000      0.06834708      0.12959399
     3.10000000      0.07707331      0.04139084
     3.20000000      0.07626382     -0.05721563
     3.30000000      0.06608830     -0.14211525
     3.40000000      0.04900621     -0.19255529
     3.50000000      0.02916481     -0.19621554
     3.60000000      0.01138443     -0.15221981
     3.70000000     -0.00002062     -0.07134782
     3.80000000     -0.00229714      0.02660373
     3.90000000      0.00507391      0.11766503
     4.00000000      0.02025094      0.17955655
     4.10000000      0.03948264      0.19713789
     4.20000000      0.05802590      0.16610929
     4.30000000      0.07130608      0.09406104
     4.40000000      0.07603585     -0.00138548
     4.50000000      0.07101898     -0.09688979
     4.60000000      0.05744244     -0.16910210
     4.70000000      0.03858559     -0.20037433
     4.80000000      0.01901772     -0.18307522
     4.90000000      0.00348017     -0.12145471
     5.00000000     -0.00427333     -0.03060202
     5.10000000     -0.00239451      0.06724723
     5.20000000      0.00860773      0.14815088
     5.30000000      0.02599235      0.19231646
     5.40000000      0.04545702      0.18894114
     5.50000000      0.06219073      0.13885204
     5.60000000      0.07205057      0.05430149
     5.70000000      0.07257490     -0.04403210
     5.80000000      0.06358507     -0.13210352
     5.90000000      0.04722861     -0.18838250
     6.00000000      0.02745355     -0.19911909
     6.10000000      0.00904236     -0.16170499
     6.20000000     -0.00355784     -0.08530917
     6.30000000     -0.00732294      0.01136719
     6.40000000     -0.00139117      0.10466664
     6.50000000      0.01272660      0.17176271
     6.60000000      0.03151688      0.19624264
     6.70000000      0.05032335      0.17212029
     6.80000000      0.06448592      0.10529805
     6.90000000      0.07048053      0.01212075
     7.00000000      0.06678083     -0.08462421
     7.10000000      0.05423109     -0.16128157
     7.20000000      0.03583920     -0.19911405
     7.30000000      0.01604056     -0.18888406
     7.40000000     -0.00038702     -0.13311111
     7.50000000     -0.00949198     -0.04545304
     7.60000000     -0.00911529      0.05263670
     7.70000000      0.00058190      0.13715787
     7.80000000      0.01715811      0.18743396
     7.90000000      0.03648922      0.19116858
     8.00000000      0.05377745      0.14745117
     8.10000000      0.06472503      0.06697733
     8.20000000      0.06658519     -0.03056959
     8.30000000      0.05883368     -0.12133455
     8.40000000      0.04329654     -0.18312618
     8.50000000      0.02370298     -0.20084406
     8.60000000      0.00477290     -0.17017048
     8.70000000     -0.00893772     -0.09862422
     8.80000000     -0.01415107     -0.00371911
     8.90000000     -0.00966894      0.09132164
     9.00000000      0.00333467      0.16324661
     9.10000000      0.02160121      0.19446302
     9.20000000      0.04058496      0.17733844
     9.30000000      0.05556517      0.11606541
     9.40000000      0.06280067      0.02563358
     9.50000000      0.06044470     -0.07183879
     9.60000000      0.04899622     -0.15251602
     9.70000000      0.03117735     -0.19667513
     9.80000000      0.01126718     -0.19352887
     9.90000000     -0.00594517     -0.14386220
    10.00000000     -0.01633196     -0.05983785
    10.10000000     -0.01743628      0.03798083
    10.20000000     -0.00907255      0.12566107
    10.30000000      0.00662850      0.18175488
    10.40000000      0.02574153      0.19254431
    10.50000000      0.04350701      0.15539500
    10.60000000      0.05549550      0.07939815
    10.70000000      0.05869095     -0.01685548
    10.80000000      0.05222808     -0.10982452
    10.90000000      0.03760355     -0.17677581
    11.00000000      0.01830948     -0.20134435
    11.10000000     -0.00102117     -0.17753453
    11.20000000     -0.01574787     -0.11118434
    11.30000000     -0.02235755     -0.01853506
    11.40000000     -0.01932359      0.07774327
    11.50000000     -0.00747876      0.15409786
    11.60000000      0.01018898      0.19185395
    11.70000000      0.02926770      0.18178126
    11.80000000      0.04500091      0.12634958
    11.90000000      0.05345101      0.03912223
    12.00000000      0.05246214     -0.05856360
    12.10000000      0.04218714     -0.14281715
    12.20000000      0.02504968     -0.19303790
    12.30000000      0.00515101     -0.19695334
    12.40000000     -0.01273350     -0.15361888
    12.50000000     -0.02432241     -0.07364649
    12.60000000     -0.02687530      0.02339324
    12.70000000     -0.01986267      0.11375958
    12.80000000     -0.00509500      0.17534904
    12.90000000      0.01372062      0.19310118
    13.00000000      0.03188752      0.16268063
    13.10000000      0.04486841      0.09153515
    13.20000000      0.04939510     -0.00292842
    13.30000000      0.04426757     -0.09760360
    13.40000000      0.03064707     -0.16933694
    13.50000000      0.01177158     -0.20059091
    13.60000000     -0.00783656     -0.18373206
    13.70000000     -0.02347696     -0.12289597
    13.80000000     -0.03142088     -0.03297326
    13.90000000     -0.02982295      0.06403463
    14.00000000     -0.01917217      0.14439807
    14.10000000     -0.00217172      0.18846344
    14.20000000      0.01692255      0.18545919
    14.30000000      0.03334347      0.13612849
    14.40000000      0.04297855      0.05254501
    14.50000000      0.04337572     -0.04484239
    14.60000000      0.03434273     -0.13221288
    14.70000000      0.01799368     -0.18820052
    14.80000000     -0.00176849     -0.19911938
    14.90000000     -0.02020700     -0.16230933
    15.00000000     -0.03290987     -0.08678430
    15.10000000     -0.03686898      0.00897482
    15.20000000     -0.03121546      0.10154222
    15.30000000     -0.01743175      0.16827776
    15.40000000      0.00101147      0.19286415
    15.50000000      0.01950457      0.16929653
    15.60000000      0.03342669      0.10334897
    15.70000000      0.03927587      0.01115977
    15.80000000      0.03552537     -0.08471783
    15.90000000      0.02299670     -0.16083315
    16.00000000      0.00465815     -0.19857380
    16.10000000     -0.01510159     -0.18871695
    16.20000000     -0.03154713     -0.13368308
    16.30000000     -0.04075463     -0.04694151
    16.40000000     -0.04057131      0.05028624
    16.50000000     -0.03114162      0.13421850
    16.60000000     -0.01487138      0.18433050
    16.70000000      0.00416108      0.18837373
    16.80000000      0.02120279      0.14536988
    16.90000000      0.03198879      0.06584781
    17.00000000      0.03378515     -0.03073407
    17.10000000      0.02605732     -0.12074882
    17.20000000      0.01060043     -0.18218059
    17.30000000     -0.00890024     -0.20000889
    17.40000000     -0.02777100     -0.16988093
    17.50000000     -0.04149307     -0.09917393
    17.60000000     -0.04680771     -0.00518834
    17.70000000     -0.04251301      0.08908560
    17.80000000     -0.02975739      0.16059207
    17.90000000     -0.01175820      0.19184869
    18.00000000      0.00698559      0.17522119
    18.10000000      0.02179404      0.11478862
    18.20000000      0.02895097      0.02534312
    18.30000000      0.02661260     -0.07123013
    18.40000000      0.01525815     -0.15130714
    18.50000000     -0.00242782     -0.19530348
    18.60000000     -0.02221250     -0.19246339
    18.70000000     -0.03935039     -0.14348862
    18.80000000     -0.04974407     -0.06036434
    18.90000000     -0.05094618      0.03657454
    19.00000000     -0.04275770      0.12361869
    19.10000000     -0.02727607      0.17948392
    19.20000000     -0.00838178      0.19051641
    19.30000000      0.00921118      0.15403053
    19.40000000      0.02110842      0.07896343
    19.50000000      0.02430986     -0.01631326
    19.60000000      0.01794327     -0.10848882
    19.70000000      0.00347711     -0.17501580
    19.80000000     -0.01563910     -0.19962456
    19.90000000     -0.03481885     -0.17630124
    20.00000000     -0.04946068     -0.11075641
    20.10000000     -0.05607357     -0.01902598
    20.20000000     -0.05313059      0.07645310
    20.30000000     -0.04144188      0.15233184
    20.40000000     -0.02395602      0.19006012
    20.50000000     -0.00503843      0.18042271
    20.60000000      0.01059665      0.12579116
    20.70000000      0.01903930      0.03954134
    20.80000000      0.01813997     -0.05722034
    20.90000000      0.00803493     -0.14082085
    21.00000000     -0.00888755     -0.19081101
    21.10000000     -0.02857181     -0.19496631
    21.20000000     -0.04628707     -0.15227511
    21.30000000     -0.05778462     -0.07318367
    21.40000000     -0.06033686      0.02296122
    21.50000000     -0.05340411      0.11264595
    21.60000000     -0.03876613      0.17394196
    21.70000000     -0.02008632      0.19186876
    21.80000000     -0.00201533      0.16205637
    21.90000000      0.01094662      0.09181196
    22.00000000      0.01555042     -0.00166987
    22.10000000      0.01059243     -0.09551459
    22.20000000     -0.00279151     -0.16676365
    22.30000000     -0.02140440     -0.19798973
    22.40000000     -0.04077039     -0.18155797
    22.50000000     -0.05622980     -0.12149126
    22.60000000     -0.06407880     -0.03248387
    22.70000000     -0.06247506      0.06369474
    22.80000000     -0.05188803      0.14352582
    22.90000000     -0.03498352      0.18749395
    23.00000000     -0.01597133      0.18485928
    23.10000000      0.00042480      0.13628248
    23.20000000      0.01012260      0.05366076
    23.30000000      0.01067961     -0.04278438
    23.40000000      0.00189022     -0.12945463
    23.50000000     -0.01416451     -0.18514734
    23.60000000     -0.03362631     -0.19624078
    23.70000000     -0.05180374     -0.16002418
    23.80000000     -0.06431975     -0.08535840
    23.90000000     -0.06818224      0.00949366
    24.00000000     -0.06251546      0.10133580
    24.10000000     -0.04877387      0.16771297
    24.20000000     -0.03038580      0.19240314
    24.30000000     -0.01191462      0.16938362
    24.40000000      0.00205770      0.10430198
    24.50000000      0.00805121      0.01309226
    24.60000000      0.00453893     -0.08192434
    24.70000000     -0.00768012     -0.15750016
    24.80000000     -0.02567683     -0.19514722
    24.90000000     -0.04510879     -0.18565802
    25.00000000     -0.06128273     -0.13135561
    25.10000000     -0.07030243     -0.04552297
    25.20000000     -0.07002150      0.05084808
    25.30000000     -0.06056797      0.13419267
    25.40000000     -0.04431250      0.18413699
    25.50000000     -0.02528807      0.18848063
    25.60000000     -0.00820325      0.14617892
    25.70000000      0.00270958      0.06759600
    25.80000000      0.00472932     -0.02803235
    25.90000000     -0.00268868     -0.11730540
    26.00000000     -0.01777980     -0.17838163
    26.10000000     -0.03690227     -0.19632050
    26.20000000     -0.05542826     -0.16673517
    26.30000000     -0.06887595     -0.09686318
    26.40000000     -0.07400566     -0.00379389
    26.50000000     -0.06961199      0.08971335
    26.60000000     -0.05681815      0.16079693
    26.70000000     -0.03880080      0.19208447
    26.80000000     -0.02001261      0.17594069
    26.90000000     -0.00509301      0.11633277
    27.00000000      0.00226663      0.02785761
    27.10000000      0.00022562     -0.06783052
    27.20000000     -0.01075624     -0.14731768
    27.30000000     -0.02803160     -0.19115730
    27.40000000     -0.04741347     -0.18862557
    27.50000000     -0.06419967     -0.14034246
    27.60000000     -0.07432294     -0.05811772
    27.70000000     -0.07534559      0.03793992
    27.80000000     -0.06705540      0.12434275
    27.90000000     -0.05151702      0.17996940
    28.00000000     -0.03256652      0.19123026
    28.10000000     -0.01487279      0.15538965
    28.20000000     -0.00279543      0.08123268
    28.30000000      0.00068145     -0.01308593
    28.40000000     -0.00532118     -0.10448406
    28.50000000     -0.01936271     -0.17059871
    28.60000000     -0.03803576     -0.19525542
    28.70000000     -0.05679992     -0.17242295
    28.80000000     -0.07109252     -0.10768628
    28.90000000     -0.07744457     -0.01687815
    29.00000000     -0.07432897      0.07779542
    29.10000000     -0.06253362      0.15318772
    29.20000000     -0.04496818      0.19087274
    29.30000000     -0.02595204      0.18165091
    29.40000000     -0.01015751      0.12779711
    29.50000000     -0.00146703      0.04250195
    29.60000000     -0.00202375     -0.05335675
    29.70000000     -0.01170771     -0.13632191
    29.80000000     -0.02816566     -0.18609486
    29.90000000     -0.04738708     -0.19049940
    30.00000000     -0.06468545     -0.14845812
    30.10000000     -0.07584461     -0.07025365
    30.20000000     -0.07814984      0.02498877
    30.30000000     -0.07105153      0.11398071
    30.40000000     -0.05629917      0.17496744
    30.50000000     -0.03751291      0.19304834
    30.60000000     -0.01929781      0.16381993
    30.70000000     -0.00611729      0.09445062
    30.80000000     -0.00120149      0.00192505
    30.90000000     -0.00575748     -0.09111211
    31.00000000     -0.01867450     -0.16189583
    31.10000000     -0.03679609     -0.19310863
    31.20000000     -0.05569252     -0.17711498
    31.30000000     -0.07074452     -0.11782677
    31.40000000     -0.07827307     -0.02974412
    31.50000000     -0.07643906      0.06559332
    31.60000000     -0.06569269      0.14487603
    31.70000000     -0.04866288      0.18872611
    31.80000000     -0.02951384      0.18643585
    31.90000000     -0.01292624      0.13858490
    32.00000000     -0.00295232      0.05689606
    32.10000000     -0.00202490     -0.03863421
    32.20000000     -0.01036271     -0.12462831
    32.30000000     -0.02591735     -0.18004593
    32.40000000     -0.04487477     -0.19132962
    32.50000000     -0.06258851     -0.15571914
    32.60000000     -0.07471627     -0.08192429
    32.70000000     -0.07828193      0.01200779
    32.80000000     -0.07240315      0.10310852
    32.90000000     -0.05850675      0.16910665
    33.00000000     -0.03997923      0.19387522
    33.10000000     -0.02133809      0.17137463
    33.20000000     -0.00712673      0.10712770
    33.30000000     -0.00080317      0.01686646
    33.40000000     -0.00389453     -0.07731780
    33.50000000     -0.01562394     -0.15237892
    33.60000000     -0.03310102     -0.18995278
    33.70000000     -0.05202928     -0.18084783
    33.80000000     -0.06775723     -0.12729126
    33.90000000     -0.07641615     -0.04238183
    34.00000000     -0.07586614      0.05311610
    34.10000000     -0.06621913      0.13585274
    34.20000000     -0.04981104      0.18560438
    34.30000000     -0.03062999      0.19021905
    34.40000000     -0.01334052      0.14858696
    34.50000000     -0.00214264      0.07090964
    34.60000000      0.00025538     -0.02379756
    34.70000000     -0.00670097     -0.11235814
    34.80000000     -0.02127723     -0.17310384
    34.90000000     -0.03987469     -0.19117400
    35.00000000     -0.05791099     -0.16214873
    35.10000000     -0.07094103     -0.09312782
    35.20000000     -0.07574418     -0.00099176
    35.30000000     -0.07111173      0.09172894
    35.40000000     -0.05814207      0.16236545
    35.50000000     -0.03997159      0.19365509
    35.60000000     -0.02100714      0.17796225
    35.70000000     -0.00584793      0.11914394
    35.80000000      0.00183936      0.03160403
    35.90000000      0.00021724     -0.06323194
    36.00000000     -0.01027364     -0.14215848
    36.10000000     -0.02702268     -0.18586617
    36.20000000     -0.04588832     -0.18366358
    36.30000000     -0.06221134     -0.13609035
    36.40000000     -0.07195449     -0.05478291
    36.50000000     -0.07268981      0.04037399
    36.60000000     -0.06419217      0.12611239
    36.70000000     -0.04849382      0.18147278
    36.80000000     -0.02938689      0.19292989
    36.90000000     -0.01149557      0.15769917
    37.00000000      0.00085512      0.08441560
    37.10000000      0.00469699     -0.00898069
    37.20000000     -0.00085555     -0.09963422
    37.30000000     -0.01438942     -0.16536517
    37.40000000     -0.03253891     -0.19009404
    37.50000000     -0.05080930     -0.16777312
    37.60000000     -0.06467648     -0.10386354
    37.70000000     -0.07069338     -0.01399712
    37.80000000     -0.06733292      0.07984896
    37.90000000     -0.05536107      0.15472873
    38.00000000     -0.03764905      0.19233982
    38.10000000     -0.01847061      0.18349884
    38.20000000     -0.00245651      0.13038562
    38.30000000      0.00653817      0.04600761
    38.40000000      0.00637676     -0.04898373
    38.50000000     -0.00283682     -0.13134553
    38.60000000     -0.01878390     -0.18092881
    38.70000000     -0.03749869     -0.18560592
    38.80000000     -0.05433856     -0.14423503
    38.90000000     -0.06511969     -0.06693711
    39.00000000     -0.06714029      0.02738185
    39.10000000     -0.05984105      0.11565676
    39.20000000     -0.04494156      0.17630553
    39.30000000     -0.02601922      0.19450742
    39.40000000     -0.00763387      0.16582644
    39.50000000      0.00578760      0.09729414
    39.60000000      0.01103401      0.00568741
    39.70000000      0.00689500     -0.08657685
    39.80000000     -0.00554339     -0.15692575
    39.90000000     -0.02316479     -0.18815127
    40.00000000     -0.04158517     -0.17261796
    40.10000000     -0.05622536     -0.11412836
    40.20000000     -0.06343108     -0.02699063
    40.30000000     -0.06136652      0.06748322
    40.40000000     -0.05046296      0.14619132
    40.50000000     -0.03331284      0.18989256
    40.60000000     -0.01403524      0.18791185
    40.70000000      0.00273191      0.14074922
    40.80000000      0.01296623      0.05995516
    40.90000000      0.01424459     -0.03469669
    41.00000000      0.00633542     -0.12004761
    41.10000000     -0.00874515     -0.17521863
    41.20000000     -0.02722685     -0.18671671
    41.30000000     -0.04450780     -0.15173330
    41.40000000     -0.05628020     -0.07882905
    41.50000000     -0.05958395      0.01416237
    41.60000000     -0.05353027      0.10449804
    41.70000000     -0.03951874      0.17008926
    41.80000000     -0.02089444      0.19490392
    41.90000000     -0.00212947      0.17288640
    42.00000000      0.01227113      0.10943655
    42.10000000      0.01887118      0.02008657
    42.20000000      0.01614357     -0.07329999
    42.30000000      0.00484337     -0.14787700
    42.40000000     -0.01217737     -0.18540368
    42.50000000     -0.03066758     -0.17670499
    42.60000000     -0.04601726     -0.12391379
    42.70000000     -0.05438504     -0.03994676
    42.80000000     -0.05363760      0.05465699
    42.90000000     -0.04387102      0.13676104
    43.00000000     -0.02738691      0.18629097
    43.10000000     -0.00812894      0.19114347
    43.20000000      0.00928198      0.15014498
    43.30000000      0.02067806      0.07333641
    43.40000000      0.02336388     -0.02048508
    43.50000000      0.01677532     -0.10836531
    43.60000000      0.00261706     -0.16880814
    43.70000000     -0.01555480     -0.18703272
    43.80000000     -0.03320293     -0.15858721
    43.90000000     -0.04591872     -0.09043542
    44.00000000     -0.05050053      0.00074878
    44.10000000     -0.04573650      0.09266165
    44.20000000     -0.03270053      0.16282581
    44.30000000     -0.01448919      0.19408784
    44.40000000      0.00453610      0.17881259
    44.50000000      0.01981603      0.12074856
    44.60000000      0.02770855      0.03410871
    44.70000000      0.02637946     -0.05990795
    44.80000000      0.01625063     -0.13830276
    44.90000000     -0.00010369     -0.18190278
    45.00000000     -0.01858691     -0.18004936
    45.10000000     -0.03458240     -0.13320327
    45.20000000     -0.04408275     -0.05282963
    45.30000000     -0.04466978      0.04140853
    45.40000000     -0.03610567      0.12646121
    45.50000000     -0.02039068      0.18152976
    45.60000000     -0.00127343      0.19315337
    45.70000000      0.01666626      0.15849979
    45.80000000      0.02913769      0.08605581
    45.90000000      0.03318863     -0.00645084
    46.00000000      0.02792712     -0.09638929
    46.10000000      0.01473914     -0.16176165
    46.20000000     -0.00305085     -0.18658318
    46.30000000     -0.02099340     -0.16479056
    46.40000000     -0.03460262     -0.10172281
    46.50000000     -0.04045331     -0.01281306
    46.60000000     -0.03701852      0.08018826
    46.70000000     -0.02504263      0.15453444
    46.80000000     -0.00735878      0.19204617
    46.90000000      0.01180445      0.18355690
    47.00000000      0.02785756      0.13115287
    47.10000000      0.03697274      0.04766055
    47.20000000      0.03701987     -0.04649280
    47.30000000      0.02808716     -0.12827678
    47.40000000      0.01245910     -0.17769128
    47.50000000     -0.00594277     -0.18265747
    47.60000000     -0.02251933     -0.14197036
    47.70000000     -0.03311889     -0.06559128
    47.80000000     -0.03505258      0.02779085
    47.90000000     -0.02775161      0.11533230
    48.00000000     -0.01290605      0.17562258
    48.10000000      0.00594907      0.19392072
    48.20000000      0.02429871      0.16575927
    48.30000000      0.03775231      0.09803476
    48.40000000      0.04311761      0.00731856
    48.50000000      0.03918115     -0.08419819
    48.60000000      0.02700465     -0.15413331
    48.70000000      0.00966482     -0.18538791
    48.80000000     -0.00849956     -0.17032731
    48.90000000     -0.02294910     -0.11264637
    49.00000000     -0.03005411     -0.02646342
    49.10000000     -0.02798219      0.06713502
    49.20000000     -0.01714600      0.14525309
    49.30000000     -0.00010187      0.18878583
    49.40000000      0.01907584      0.18709115
    49.50000000      0.03579158      0.14059089
    49.60000000      0.04605271      0.06066532
    49.70000000      0.04744587     -0.03313259
    49.80000000      0.03972691     -0.11786113
    49.90000000      0.02488014     -0.17280171
    50.00000000      0.00663251     -0.18452580
    50.10000000     -0.01045827     -0.15017771
    50.20000000     -0.02211869     -0.07817085
    50.30000000     -0.02540458      0.01387241
    50.40000000     -0.01942095      0.10343276
    50.50000000     -0.00554044      0.16860284
    50.60000000      0.01293284      0.19344518
    50.70000000      0.03157184      0.17188900
    50.80000000      0.04590960      0.10921291
    50.90000000      0.05253173      0.02075151
    51.00000000      0.04991132     -0.07185734
    51.10000000      0.03878199     -0.14596601
    51.20000000      0.02195792     -0.18345653
    51.30000000      0.00364519     -0.17517094
    51.40000000     -0.01158732     -0.12314930
    51.50000000     -0.01992545     -0.04012833
    51.60000000     -0.01924247      0.05357595
    51.70000000     -0.00961892      0.13503879
    51.80000000      0.00667756      0.18433417
    51.90000000      0.02574729      0.18940777
    52.00000000      0.04301270      0.14902351
    52.10000000      0.05433803      0.07306366
    52.20000000      0.05704076     -0.01989057
    52.30000000      0.05054739     -0.10710544
    52.40000000      0.03653328     -0.16725581
    52.50000000      0.01851236     -0.18564059
    52.60000000      0.00097735     -0.15777696
    52.70000000     -0.01169935     -0.09049461
    52.80000000     -0.01633499     -0.00026299
    52.90000000     -0.01171474      0.09083889
    53.00000000      0.00111167      0.16052371
    53.10000000      0.01908710      0.19174698
    53.20000000      0.03789516      0.17687469
    53.30000000      0.05301617      0.11954847
    53.40000000      0.06083263      0.03379255
    53.50000000      0.05951379     -0.05941849
    53.60000000      0.04946302     -0.13729118
    53.70000000      0.03321872     -0.18078840
    53.80000000      0.01483297     -0.17928469
    53.90000000     -0.00111985     -0.13316332
    54.00000000     -0.01066195     -0.05372019
    54.10000000     -0.01138495      0.03960120
    54.20000000     -0.00303859      0.12396701
    54.30000000      0.01240852      0.17873850
    54.40000000      0.03125084      0.19051939
    54.50000000      0.04895255      0.15643087
    54.60000000      0.06125712      0.08481346
    54.70000000      0.06522827     -0.00681529
    54.80000000      0.05996791     -0.09604715
    54.90000000      0.04683529     -0.16106494
    55.00000000      0.02911412     -0.18597843
    55.10000000      0.01120900     -0.16470957
    55.20000000     -0.00243210     -0.10247701
    55.30000000     -0.00840573     -0.01451732
    55.40000000     -0.00518520      0.07764367
    55.50000000      0.00650643      0.15145705
    55.60000000      0.02387366      0.18886605
    55.70000000      0.04273270      0.18072149
    55.80000000      0.05853504      0.12901757
    55.90000000      0.06748000      0.04640184
    56.00000000      0.06744414     -0.04692041
    56.10000000      0.05850024     -0.12812961
    56.20000000      0.04289909     -0.17737366
    56.30000000      0.02451842     -0.18262277
    56.40000000      0.00791426     -0.14261010
    56.50000000     -0.00279366     -0.06713932
    56.60000000     -0.00492932      0.02531550
    56.70000000      0.00208530      0.11213016
    56.80000000      0.01658934      0.17206459
    56.90000000      0.03508969      0.19045759
    57.00000000      0.05311578      0.16281121
    57.10000000      0.06631313      0.09588879
    57.20000000      0.07150839      0.00605836
    57.30000000      0.06748524     -0.08471264
    57.40000000      0.05528140     -0.15423142
    57.50000000      0.03793441     -0.18550778
    57.60000000      0.01973826     -0.17090856
    57.70000000      0.00519286     -0.11402254
    57.80000000     -0.00209656     -0.02878038
    57.90000000     -0.00030107      0.06395477
    58.00000000      0.01018502      0.14149143
    58.10000000      0.02684108      0.18486014
    58.20000000      0.04563705      0.18345221
    58.30000000      0.06201949      0.13761268
    58.40000000      0.07202534      0.05855362
    58.50000000      0.07325108     -0.03439044
    58.60000000      0.06544028     -0.11849304
    58.70000000      0.05054584     -0.17319500
    58.80000000      0.03225187     -0.18513236
    58.90000000      0.01507229     -0.15140344
    59.00000000      0.00324661     -0.08027631
    59.10000000     -0.00029694      0.01083572
    59.20000000      0.00534272      0.09963505
    59.30000000      0.01881951      0.16439438
    59.40000000      0.03686991      0.18927066
    59.50000000      0.05511154      0.16817881
    59.60000000      0.06911526      0.10627794
    59.70000000      0.07548843      0.01870717
    59.80000000      0.07270451     -0.07311921
    59.90000000      0.06147600     -0.14675061
    60.00000000      0.04457969     -0.18419131
    60.10000000      0.02617710     -0.17630102
    60.20000000      0.01079635     -0.12502849
    60.30000000      0.00222457     -0.04293257
    60.40000000      0.00258181      0.04989164
    60.50000000      0.01180284      0.13072935
    60.60000000      0.02765359      0.17980215
    60.70000000      0.04627800      0.18510489
    60.80000000      0.06314147      0.14534029
    60.90000000      0.07414010      0.07023392
    61.00000000      0.07660433     -0.02184676
    61.10000000      0.06995155     -0.10838656
    61.20000000      0.05582815     -0.16823024
    61.30000000      0.03770641     -0.18675642
    61.40000000      0.02003482     -0.15945228
    61.50000000      0.00714987     -0.09301521
    61.60000000      0.00221544     -0.00371241
    61.70000000      0.00644925      0.08659981
    61.80000000      0.01882538      0.15582283
    61.90000000      0.03632572      0.18702068
    62.00000000      0.05467852      0.17256122
    62.10000000      0.06940346      0.11598081
    62.20000000      0.07690750      0.03111707
    62.30000000      0.07536347     -0.06127772
    62.40000000      0.06515660     -0.13861368
    62.50000000      0.04878984     -0.18198883
    62.60000000      0.03027122     -0.18081131
    62.70000000      0.01413326     -0.13538828
    62.80000000      0.00432429     -0.05684844
    62.90000000      0.00324286      0.03558207
    63.00000000      0.01115146      0.11928376
    63.10000000      0.02611275      0.17377681
    63.20000000      0.04446385      0.18572958
    63.30000000      0.06171261      0.15221782
    63.40000000      0.07363643      0.08143766
    63.50000000      0.07731503     -0.00930131
    63.60000000      0.07184437     -0.09781161
    63.70000000      0.05855738     -0.16245547
    63.80000000      0.04069746     -0.18743698
    63.90000000      0.02262480     -0.16666421
    64.00000000      0.00874975     -0.10523714
    64.10000000      0.00245407     -0.01819796
    64.20000000      0.00526410      0.07315007
    64.30000000      0.01647778      0.14645431
    64.40000000      0.03333686      0.18378001
    64.50000000      0.05170194      0.17599589
    64.60000000      0.06706517      0.12500564
    64.70000000      0.07565291      0.04327996
    64.80000000      0.07534849     -0.04919572
    64.90000000      0.06620957     -0.12981091
    65.00000000      0.05045362     -0.17886071
    65.10000000      0.03191508     -0.18436465
    65.20000000      0.01510718     -0.14499527
    65.30000000      0.00411798     -0.07040054
    65.40000000      0.00161060      0.02115815
    65.50000000      0.00817212      0.10727420
    65.60000000      0.02217049      0.16687692
    65.70000000      0.04015415      0.18538474
    65.80000000      0.05769657      0.15827023
    65.90000000      0.07047915      0.09216533
    66.00000000      0.07534743      0.00323691
    66.10000000      0.07108237     -0.08676929
    66.20000000      0.05869810     -0.15584849
    66.30000000      0.04119342     -0.18711883
    66.40000000      0.02281793     -0.17294935
    66.50000000      0.00803240     -0.11682437
    66.60000000      0.00041772     -0.03248899
    66.70000000      0.00179924      0.05941488
    66.80000000      0.01180073      0.13639858
    66.90000000      0.02793683      0.17962743
    67.00000000      0.04622140      0.17852655
    67.10000000      0.06214277      0.13336554
    67.20000000      0.07176731      0.05519029
    67.30000000      0.07270140     -0.03688093
    67.40000000      0.06467659     -0.12033514
    67.50000000      0.04961476     -0.17477159
    67.60000000      0.03115765     -0.18689101
    67.70000000      0.01377577     -0.15374681
    67.80000000      0.00167484     -0.08346363
    67.90000000     -0.00223278      0.00675212
    68.00000000      0.00295986      0.09482259
    68.10000000      0.01593290      0.15919930
    68.20000000      0.03346299      0.18413339
    68.30000000      0.05121201      0.16352632
    68.40000000      0.06478839      0.10241937
    68.50000000      0.07082119      0.01575837
    68.60000000      0.06778437     -0.07526393
    68.70000000      0.05636963     -0.14839247
    68.80000000      0.03931682     -0.18575330
    68.90000000      0.02074334     -0.17822430
    69.00000000      0.00513684     -0.12766442
    69.10000000     -0.00374241     -0.04645672
    69.20000000     -0.00378113      0.04552250
    69.30000000      0.00497051      0.12576667
    69.40000000      0.02031161      0.17464420
    69.50000000      0.03842930      0.18019937
    69.60000000      0.05483160      0.14107486
    69.70000000      0.06544630      0.06684155
    69.80000000      0.06761679     -0.02434469
    69.90000000      0.06075158     -0.11018536
    70.00000000      0.04646852     -0.16969404
    70.10000000      0.02819862     -0.18832893
    70.20000000      0.01034656     -0.16154824
    70.30000000     -0.00278684     -0.09591885
    70.40000000     -0.00805648     -0.00750786
    70.50000000     -0.00424197      0.08204910
    70.60000000      0.00765428      0.15084074
    70.70000000      0.02465275      0.18203926
    70.80000000      0.04252592      0.16801504
    70.90000000      0.05683255      0.11220077
    71.00000000      0.06400394      0.02824958
    71.10000000      0.06221663     -0.06330645
    71.20000000      0.05183798     -0.14007948
    71.30000000      0.03533593     -0.18330194
    71.40000000      0.01667487     -0.18241600
    71.50000000      0.00034581     -0.13765406
    71.60000000     -0.00973223     -0.05997965
    71.70000000     -0.01117054      0.03159630
    71.80000000     -0.00369468      0.11466687
    71.90000000      0.01078889      0.16891018
    72.00000000      0.02865954      0.18105932
    72.10000000      0.04546839      0.14814570
    72.20000000      0.05702657      0.07822293
    72.30000000      0.06042975     -0.01160522
    72.40000000      0.05476818     -0.09937004
    72.50000000      0.04134879     -0.16361197
    72.60000000      0.02337511     -0.18862919
    72.70000000      0.00516332     -0.16831670
    72.80000000     -0.00891361     -0.10765753
    72.90000000     -0.01549548     -0.02150162
    73.00000000     -0.01305648      0.06906826
    73.10000000     -0.00227799      0.14189429
    73.20000000      0.01411857      0.17916319
    73.30000000      0.03203776      0.17176215
    73.40000000      0.04701210      0.12150576
    73.50000000      0.05529481      0.04068997
    73.60000000      0.05477607     -0.05091752
    73.70000000      0.04549871     -0.13091364
    73.80000000      0.02964726     -0.17973985
    73.90000000      0.01101326     -0.18546524
    74.00000000     -0.00593245     -0.14670296
    74.10000000     -0.01713332     -0.07294723
    74.20000000     -0.01993917      0.01775106
    74.30000000     -0.01375406      0.10320108
    74.40000000     -0.00018161      0.16250036
    74.50000000      0.01736768      0.18114693
    74.60000000      0.03451099      0.15458484
    74.70000000      0.04696531      0.08931638
    74.80000000      0.05159503      0.00130943
    74.90000000      0.04717854     -0.08790997
    75.00000000      0.03470669     -0.15652370
    75.10000000      0.01713997     -0.18775787
    75.20000000     -0.00131600     -0.17398440
    75.30000000     -0.01623930     -0.11858473
    75.40000000     -0.02407330     -0.03512051
    75.50000000     -0.02299634      0.05598550
    75.60000000     -0.01336689      0.13244588
    75.70000000      0.00236457      0.17556003
    75.80000000      0.02025536      0.17478726
    75.90000000      0.03583523      0.13032310
    76.00000000      0.04519980      0.05304925
    76.10000000      0.04596540     -0.03813015
    76.20000000      0.03785178     -0.12091380
    76.30000000      0.02275020     -0.17505843
    76.40000000      0.00426041     -0.18732953
    76.50000000     -0.01319012     -0.15473672
    76.60000000     -0.02542922     -0.08526307
    76.70000000     -0.02956044      0.00408976
    76.80000000     -0.02467115      0.09146173
    76.90000000     -0.01205535      0.15548193
    77.00000000      0.00510331      0.18049549
    77.10000000      0.02251059      0.16039120
    77.20000000      0.03581219      0.10009423
    77.30000000      0.04165876      0.01435920
    77.40000000      0.03852488     -0.07584061
    77.50000000      0.02708181     -0.14844423
    77.60000000      0.01003278     -0.18569891
    77.70000000     -0.00854849     -0.17850125
    77.80000000     -0.02421450     -0.12862189
    77.90000000     -0.03323176     -0.04827013
    78.00000000     -0.03349382      0.04289440
    78.10000000     -0.02503609      0.12257170
    78.20000000     -0.01002672      0.17127611
    78.30000000      0.00776415      0.17710158
    78.40000000      0.02388682      0.13863202
    78.50000000      0.03430052      0.06528551
    78.60000000      0.03636164     -0.02499151
    78.70000000      0.02946997     -0.11011539
    78.80000000      0.01521516     -0.16926739
    78.90000000     -0.00301259     -0.18798528
    79.00000000     -0.02085208     -0.16169921
    79.10000000     -0.03403791     -0.09684732
    79.20000000     -0.03944376     -0.00929879
    79.30000000     -0.03584675      0.07952946
    79.40000000     -0.02422612      0.14791211
    79.50000000     -0.00752324      0.17912913
    79.60000000      0.01007816      0.16555412
    79.70000000      0.02417559      0.11051767
    79.80000000      0.03122459      0.02749048
    79.90000000      0.02940548     -0.06321347
    80.00000000      0.01906803     -0.13940680
    80.10000000      0.00264554     -0.18245569
    80.20000000     -0.01594080     -0.18183670
    80.30000000     -0.03224123     -0.13770882
    80.40000000     -0.04236585     -0.06087240
    80.50000000     -0.04393590      0.02987469
    80.60000000     -0.03666521      0.11233633
    80.70000000     -0.02242980      0.16634762
    80.80000000     -0.00480849      0.17870643
    80.90000000      0.01179270      0.14640094
    81.00000000      0.02321841      0.07734410
    81.10000000      0.02658021     -0.01156402
    81.20000000      0.02096279     -0.09857153
    81.30000000      0.00764745     -0.16239589
    81.40000000     -0.01020177     -0.18742909
    81.50000000     -0.02831233     -0.16755393
    81.60000000     -0.04234839     -0.10763813
    81.70000000     -0.04897126     -0.02234150
    81.80000000     -0.04665582      0.06747164
    81.90000000     -0.03606309      0.13983681
    82.00000000     -0.01987812      0.17706167
    82.10000000     -0.00215282      0.17005238
    82.20000000      0.01268533      0.12053594
    82.30000000      0.02091629      0.04063554
    82.40000000      0.02043713     -0.05009672
    82.50000000      0.01127606     -0.12946350
    82.60000000     -0.00441492     -0.17805183
    82.70000000     -0.02288678     -0.18398055
    82.80000000     -0.03971074     -0.14580467
    82.90000000     -0.05086162     -0.07286657
    83.00000000     -0.05370218      0.01699122
    83.10000000     -0.04762790      0.10179178
    83.20000000     -0.03421435      0.16079978
    83.30000000     -0.01683141      0.17959275
    83.40000000      0.00018138      0.15358716
    83.50000000      0.01257634      0.08915744
    83.60000000      0.01723661      0.00207461
    83.70000000      0.01293817     -0.08635305
    83.80000000      0.00064891     -0.15449269
    83.90000000     -0.01670862     -0.18567802
    84.00000000     -0.03497239     -0.17228450
    84.10000000     -0.04975909     -0.11759228
    84.20000000     -0.05753624     -0.03498161
    84.30000000     -0.05648601      0.05534181
    84.40000000     -0.04694943      0.13129021
    84.50000000     -0.03134253      0.17429641
    84.60000000     -0.01356498      0.17385427
    84.70000000      0.00195401      0.13008660
    84.80000000      0.01133914      0.05371288
    84.90000000      0.01221670     -0.03657475
    85.00000000      0.00429485     -0.11868491
    85.10000000     -0.01056543     -0.17253086
    85.20000000     -0.02880595     -0.18494289
    85.30000000     -0.04604193     -0.15288794
    85.40000000     -0.05813461     -0.08420934
    85.50000000     -0.06220343      0.00429388
    85.60000000     -0.05733030      0.09097752
    85.70000000     -0.04478375      0.15464708
    85.80000000     -0.02770816      0.17974139
    85.90000000     -0.01035435      0.16013741
    86.00000000      0.00296038      0.10064583
    86.10000000      0.00890815      0.01583220
    86.20000000      0.00596430     -0.07354767
    86.30000000     -0.00522015     -0.14562539
    86.40000000     -0.02197811     -0.18276893
    86.50000000     -0.04027921     -0.17589411
    86.60000000     -0.05571580     -0.12668469
    86.70000000     -0.06458106     -0.04717825
    86.80000000     -0.06477549      0.04318013
    86.90000000     -0.05632001      0.12229534
    87.00000000     -0.04135046      0.17082688
    87.10000000     -0.02359469      0.17691853
    87.20000000     -0.00746052      0.13909668
    87.30000000      0.00304252      0.06662851
    87.40000000      0.00528376     -0.02274686
    87.50000000     -0.00134548     -0.10715876
    87.60000000     -0.01528345     -0.16595504
    87.70000000     -0.03318038     -0.18475295
    87.80000000     -0.05071814     -0.15895554
    87.90000000     -0.06366658     -0.09487396
    88.00000000     -0.06891814     -0.00818158
    88.10000000     -0.06524760      0.07992140
    88.20000000     -0.05361143      0.14789431
    88.30000000     -0.03691330      0.17912447
    88.40000000     -0.01929356      0.16598938
    88.50000000     -0.00511628      0.11171909
    88.60000000      0.00209819      0.02960394
    88.70000000      0.00053399     -0.06025815
    88.80000000     -0.00947640     -0.13587864
    88.90000000     -0.02553395     -0.17875683
    89.00000000     -0.04376031     -0.17840400
    89.10000000     -0.05974662     -0.13490709
    89.20000000     -0.06963199     -0.05890522
    89.30000000     -0.07104767      0.03101468
    89.40000000     -0.06369607      0.11286552
    89.50000000     -0.04942311      0.16663844
    89.60000000     -0.03176632      0.17919616
    89.70000000     -0.01508921      0.14748469
    89.80000000     -0.00351390      0.07927813
    89.90000000      0.00008704     -0.00872497
    90.00000000     -0.00520708     -0.09498767
    90.10000000     -0.01814031     -0.15840320
    90.20000000     -0.03558770     -0.18345716
    90.30000000     -0.05331995     -0.16402091
    90.40000000     -0.06703810     -0.10484853
    90.50000000     -0.07342498     -0.02041180
    90.60000000     -0.07095627      0.06864140
    90.70000000     -0.06027299      0.14053847
    90.80000000     -0.04402425      0.17770747
    90.90000000     -0.02621887      0.17107406
    91.00000000     -0.01124466      0.12227907
    91.10000000     -0.00279512      0.04327498
    91.20000000     -0.00296622     -0.04659965
    91.30000000     -0.01174413     -0.12535155
    91.40000000     -0.02700902     -0.17371245
    91.50000000     -0.04505396     -0.17985119
    91.60000000     -0.06149193     -0.14226582
    91.70000000     -0.07232892     -0.07014880
    91.80000000     -0.07494071      0.01886360
    91.90000000     -0.06871441      0.10300652
    92.00000000     -0.05519795      0.16171069
    92.10000000     -0.03772102      0.18063303
    92.20000000     -0.02058032      0.15516340
    92.30000000     -0.00798844      0.09155011
    92.40000000     -0.00304357      0.00536938
    92.50000000     -0.00697200     -0.08228621
    92.60000000     -0.01882852     -0.14996782
    92.70000000     -0.03572812     -0.18111632
    92.80000000     -0.05355196     -0.16811140
    92.90000000     -0.06795508     -0.11413342
    93.00000000     -0.07542908     -0.03238333
    93.10000000     -0.07416008      0.05714819
    93.20000000     -0.06447198      0.13257146
    93.30000000     -0.04874680      0.17545204
    93.40000000     -0.03084163      0.17531872
    93.50000000     -0.01514499      0.13222289
    93.60000000     -0.00550330      0.05672377
    93.70000000     -0.00428029     -0.03269638
    93.80000000     -0.01177917     -0.11415437
    93.90000000     -0.02616887     -0.16771897
    94.00000000     -0.04393239     -0.18028538
    94.10000000     -0.06072730     -0.14877892
    94.20000000     -0.07244801     -0.08090498
    94.30000000     -0.07622989      0.00673788
    94.40000000     -0.07114959      0.09271947
    94.50000000     -0.05845053      0.15602042
    94.60000000     -0.04123829      0.18117304
    94.70000000     -0.02372065      0.16204327
    94.80000000     -0.01017822      0.10332897
    94.90000000     -0.00391750      0.01940868
    95.00000000     -0.00646231     -0.06917721
    95.10000000     -0.01718153     -0.14075149
    95.20000000     -0.03344387     -0.17780224
    95.30000000     -0.05126189     -0.17126505
    95.40000000     -0.06626751     -0.12273823
    95.50000000     -0.07478047     -0.04408964
    95.60000000     -0.07470829      0.04544812
    95.70000000     -0.06605771      0.12398318
    95.80000000     -0.05093265      0.17231932
    95.90000000     -0.03301912      0.17865045
    96.00000000     -0.01668343      0.14144657
    96.10000000     -0.00590407      0.06982587
    96.20000000     -0.00329878     -0.01867772
    96.30000000     -0.00948453     -0.10240469
    96.40000000     -0.02292711     -0.16086840
    96.50000000     -0.04031676     -0.17976546
    96.60000000     -0.05737810     -0.15447277
    96.70000000     -0.06991599     -0.09117621
    96.80000000     -0.07484157     -0.00535544
    96.90000000     -0.07092750      0.08200413
    97.00000000     -0.05910778      0.14954508
    97.10000000     -0.04224884      0.18076176
    97.20000000     -0.02444806      0.16803618
    97.30000000     -0.01003139      0.11449939
    97.40000000     -0.00249523      0.03326343
    97.50000000     -0.00365148     -0.05578776
    97.60000000     -0.01318471     -0.13086298
    97.70000000     -0.02872979     -0.17359391
    97.80000000     -0.04645077     -0.17352694
    97.90000000     -0.06197940     -0.13067825
    98.00000000     -0.07148364     -0.05552768
    98.10000000     -0.07260481      0.03354667
    98.20000000     -0.06503414      0.11476503
    98.30000000     -0.05058788      0.16827358
    98.40000000     -0.03276265      0.18099997
    98.50000000     -0.01587986      0.14984911
    98.60000000     -0.00402863      0.08245806
    98.70000000     -0.00006567     -0.00467405
    98.80000000     -0.00491691     -0.09022333
    98.90000000     -0.01735140     -0.15325754
    99.00000000     -0.03428284     -0.17835566
    99.10000000     -0.05152485     -0.15937839
    99.20000000     -0.06481509     -0.10096782
    99.30000000     -0.07085778     -0.01740975
    99.40000000     -0.06812960      0.07086237
    99.50000000     -0.05725187      0.14226636
    99.60000000     -0.04083816      0.17935016
    99.70000000     -0.02285466      0.17305943
    99.80000000     -0.00764980      0.12495027
    99.90000000      0.00110933      0.04680641
   100.00000000      0.00133374     -0.04224501
